
******************************************************************************
This program contains Ipopt, a library for large-scale nonlinear optimization.
 Ipopt is released as open source code under the Eclipse Public License (EPL).
         For more information visit http://projects.coin-or.org/Ipopt
******************************************************************************

This is Ipopt version 3.12.12, running with linear solver mumps.
NOTE: Other linear solvers might be more efficient (see Ipopt documentation).

Number of nonzeros in equality constraint Jacobian...:   476003
Number of nonzeros in inequality constraint Jacobian.:        3
Number of nonzeros in Lagrangian Hessian.............:   142000

Total number of variables............................:    42006
                     variables with only lower bounds:     3003
                variables with lower and upper bounds:    15003
                     variables with only upper bounds:        0
Total number of equality constraints.................:    34003
Total number of inequality constraints...............:        3
        inequality constraints with only lower bounds:        0
   inequality constraints with lower and upper bounds:        2
        inequality constraints with only upper bounds:        1

iter    objective    inf_pr   inf_du lg(mu)  ||d||  lg(rg) alpha_du alpha_pr  ls
   0  1.0000000e-01 4.25e-01 1.00e+00   0.0 0.00e+00    -  0.00e+00 0.00e+00   0
   1  1.5112095e-01 4.17e-01 1.09e+00  -0.8 2.69e+00    -  1.48e-02 1.90e-02f  1
   2  1.4456580e+00 3.69e-01 4.09e+02  -1.2 2.16e+00    -  3.95e-02 5.99e-01f  1
   3  1.4469379e+00 3.68e-01 2.66e+02   0.2 3.11e+00    -  2.45e-02 2.19e-03f  1
   4  1.9363063e+00 3.25e-01 5.53e+02   0.0 5.03e+00    -  8.75e-03 1.18e-01f  1
   5  1.9520551e+00 3.25e-01 2.55e+02  -0.6 1.52e+01    -  2.66e-02 1.04e-03f  1
   6  4.3726767e+00 2.86e-01 7.51e+02   0.5 2.36e+01    -  4.54e-02 1.11e-01f  1
   7  1.1633481e+01 3.19e-01 8.35e+02   0.5 2.46e+01    -  1.71e-01 2.96e-01f  1
   8  1.2486875e+01 3.48e-01 8.08e+03   1.1 2.01e+01    -  5.56e-01 4.25e-02f  1
   9  2.3045885e+01 1.36e-01 5.45e+03   1.0 1.61e+01    -  9.37e-01 6.56e-01f  1
iter    objective    inf_pr   inf_du lg(mu)  ||d||  lg(rg) alpha_du alpha_pr  ls
  10  2.8146878e+01 5.26e-03 2.33e+02   0.2 5.30e+00    -  9.89e-01 9.62e-01f  1
  11  2.8240553e+01 1.92e-03 3.91e+02  -1.3 1.47e-01    -  9.99e-01 6.36e-01h  1
  12  2.8240099e+01 8.86e-04 8.51e+00  -2.2 3.70e-02   0.0 9.68e-01 9.77e-01h  1
  13  2.8208598e+01 1.97e-04 1.05e-02  -3.4 3.15e-02  -0.5 1.00e+00 1.00e+00h  1
  14  2.5635122e+01 1.19e-01 1.61e+00  -9.4 1.09e+01    -  1.18e-01 2.35e-01f  1
  15  2.5795145e+01 2.88e-01 2.63e+03  -2.9 9.31e-01    -  1.00e+00 6.64e-01h  1
  16  2.5752149e+01 1.41e-01 4.56e-03  -3.0 4.65e-01    -  1.00e+00 1.00e+00h  1
  17  2.6134922e+01 1.39e-02 2.62e+00  -3.4 4.75e-01    -  9.18e-01 1.00e+00h  1
  18  2.5843656e+01 9.57e-03 1.68e-03  -3.9 2.94e-01    -  1.00e+00 1.00e+00h  1
  19  2.5671761e+01 5.78e-03 1.94e+00  -5.0 1.81e-01    -  8.87e-01 1.00e+00h  1
iter    objective    inf_pr   inf_du lg(mu)  ||d||  lg(rg) alpha_du alpha_pr  ls
  20  2.5667306e+01 2.05e-03 4.34e-02  -5.5 6.82e-02    -  1.00e+00 9.99e-01h  1
  21  2.5667612e+01 4.63e-04 4.67e-05  -6.1 4.04e-02    -  1.00e+00 1.00e+00h  1
  22  2.5667189e+01 1.12e-04 9.70e-06  -6.7 2.15e-02    -  1.00e+00 1.00e+00h  1
  23  2.5667063e+01 2.91e-05 3.27e-01  -7.3 1.13e-02    -  1.00e+00 9.97e-01h  1
  24  2.5667033e+01 7.51e-06 1.69e-01  -7.9 5.91e-03    -  1.00e+00 9.99e-01h  1
  25  2.5667023e+01 2.04e-06 9.97e-01  -9.0 3.13e-03    -  1.00e+00 9.95e-01h  1
  26  2.5667022e+01 5.21e-07 5.41e-01 -10.1 1.60e-03    -  1.00e+00 9.98e-01h  1
  27  2.5667022e+01 1.00e-08 5.92e-06 -10.2 5.33e-05  -1.0 1.00e+00 1.00e+00h  1
  28  2.5667022e+01 4.83e-07 1.78e-09 -11.0 1.55e-03    -  1.00e+00 1.00e+00h  1
  29  2.5667022e+01 1.00e-08 1.82e-12 -11.0 4.22e-05    -  1.00e+00 1.00e+00h  1
iter    objective    inf_pr   inf_du lg(mu)  ||d||  lg(rg) alpha_du alpha_pr  ls
  30  2.5667022e+01 1.00e-08 4.41e-08 -11.0 1.19e-06  -1.4 1.00e+00 1.00e+00h  1
  31  2.5667022e+01 1.00e-08 4.55e-12 -11.0 1.25e-05    -  1.00e+00 1.00e+00h  1
  32  2.5667022e+01 1.00e-08 1.23e-12 -11.0 8.53e-07    -  1.00e+00 1.00e+00h  1
  33  2.5667022e+01 1.00e-08 1.21e-11 -11.0 9.82e-10  -1.9 1.00e+00 1.00e+00h  1
  34  2.5667022e+01 1.00e-08 7.38e-12 -11.0 1.79e-09  -2.4 1.00e+00 1.00e+00h  1
  35  2.5667022e+01 1.00e-08 2.51e-12 -11.0 1.83e-09  -2.9 1.00e+00 1.00e+00h  1
  36  2.5667022e+01 1.00e-08 2.14e+02 -11.0 8.09e-10  -3.3 8.10e-01 1.00e+00h  1
  37  2.5667022e+01 1.00e-08 1.33e+03 -11.0 1.64e-08  -3.8 8.23e-03 1.00e+00h  1
  38  2.5667022e+01 1.00e-08 1.20e+03 -11.0 3.34e-08    -  5.32e-02 1.95e-03h 10
  39  2.5667022e+01 1.90e-09 3.43e+03 -11.0 2.11e-08  -4.3 4.83e-03 1.00e+00H  1
iter    objective    inf_pr   inf_du lg(mu)  ||d||  lg(rg) alpha_du alpha_pr  ls
  40  2.5667022e+01 1.89e-09 1.40e+03 -11.0 8.56e-10  -4.8 6.93e-01 1.00e+00h  1
  41  2.5667022e+01 2.30e-09 2.32e+01 -11.0 1.28e-08  -5.2 9.91e-01 1.00e+00h  1
  42  2.5667022e+01 1.20e-09 8.65e-13 -11.0 9.17e-09  -5.7 1.00e+00 1.00e+00h  1
  43  2.5667022e+01 1.34e-09 2.91e-13 -11.0 7.52e-10  -6.2 1.00e+00 1.00e+00h  1
  44  2.5667022e+01 1.15e-09 1.06e+03 -11.0 1.02e-09  -6.7 5.47e-02 1.00e+00h  1
  45  2.5667022e+01 4.03e-09 7.26e+02 -10.9 5.34e-06  -7.2 3.02e-01 1.00e+00h  1
  46  2.5667022e+01 2.81e-09 2.77e+02 -10.9 2.07e-07  -7.6 1.00e+00 5.00e-01h  2
  47  2.5667022e+01 2.52e-09 7.63e-13 -10.9 9.83e-08    -  1.00e+00 1.00e+00h  1
  48  2.5667022e+01 2.17e-09 6.38e-13 -11.0 4.96e-06  -7.2 1.00e+00 1.00e+00h  1
  49  2.5667022e+01 2.17e-09 1.30e-13 -11.0 1.87e-07  -7.3 1.00e+00 1.00e+00h  1
iter    objective    inf_pr   inf_du lg(mu)  ||d||  lg(rg) alpha_du alpha_pr  ls
  50  2.5667022e+01 2.17e-09 4.07e+02 -11.0 2.70e-10  -7.3 2.20e-01 1.00e+00h  1
In iteration 50, 1 Slack too small, adjusting variable bound
  51  2.5667022e+01 1.71e-11 1.94e+02 -11.0 5.62e-08  -6.9 6.21e-01 5.34e-01h  1
In iteration 51, 1 Slack too small, adjusting variable bound
  52  2.5667022e+01 1.74e-11 1.69e+02 -11.0 8.78e-09  -7.4 6.41e-01 6.99e-04h  1
  53  2.5667022e+01 2.89e-09 6.18e+01 -11.0 6.43e-09  -6.9 8.40e-02 1.00e+00h  1
  54  2.5667022e+01 1.47e-09 3.11e+01 -11.0 1.03e-08  -7.4 1.00e+00 5.00e-01h  2
  55  2.5667022e+01 7.31e-10 1.54e+01 -11.0 3.52e-09  -7.9 9.03e-01 5.00e-01h  2
  56  2.5667022e+01 5.46e-10 1.16e+01 -11.0 1.72e-09  -7.5 1.00e+00 2.50e-01h  3
  57  2.5667022e+01 2.69e-10 5.81e+00 -11.0 2.08e-09    -  1.00e+00 5.00e-01h  2
  58  2.5667022e+01 2.08e-13 1.48e-15 -11.0 1.07e-09  -7.0 1.00e+00 1.00e+00h  1

Number of Iterations....: 58

                                   (scaled)                 (unscaled)
Objective...............:   2.5667022076185177e+01    2.5667022076185177e+01
Dual infeasibility......:   1.4849232954361469e-15    1.4849232954361469e-15
Constraint violation....:   2.0845131176727705e-13    2.0845131176727705e-13
Complementarity.........:   1.8541602595574234e-11    1.8541602595574234e-11
Overall NLP error.......:   1.8541602595574234e-11    1.8541602595574234e-11


Number of objective function evaluations             = 79
Number of objective gradient evaluations             = 59
Number of equality constraint evaluations            = 79
Number of inequality constraint evaluations          = 79
Number of equality constraint Jacobian evaluations   = 59
Number of inequality constraint Jacobian evaluations = 59
Number of Lagrangian Hessian evaluations             = 58
Total CPU secs in IPOPT (w/o function evaluations)   =     42.420
Total CPU secs in NLP function evaluations           =     89.481

EXIT: Optimal Solution Found.
