
******************************************************************************
This program contains Ipopt, a library for large-scale nonlinear optimization.
 Ipopt is released as open source code under the Eclipse Public License (EPL).
         For more information visit http://projects.coin-or.org/Ipopt
******************************************************************************

This is Ipopt version 3.12.12, running with linear solver mumps.
NOTE: Other linear solvers might be more efficient (see Ipopt documentation).

Number of nonzeros in equality constraint Jacobian...:   620013
Number of nonzeros in inequality constraint Jacobian.:        0
Number of nonzeros in Lagrangian Hessian.............:   188000

Total number of variables............................:    80012
                     variables with only lower bounds:    16008
                variables with lower and upper bounds:    12002
                     variables with only upper bounds:        0
Total number of equality constraints.................:    72013
Total number of inequality constraints...............:        0
        inequality constraints with only lower bounds:        0
   inequality constraints with lower and upper bounds:        0
        inequality constraints with only upper bounds:        0

iter    objective    inf_pr   inf_du lg(mu)  ||d||  lg(rg) alpha_du alpha_pr  ls
   0 9.9999900e-003 7.00e-001 1.00e+000   0.0 0.00e+000    -  0.00e+000 0.00e+000   0
   1 8.7125236e-003 6.90e-001 1.53e+001  -6.5 4.35e+001    -  2.35e-003 1.42e-002h  1
   2 9.0429082e-003 6.90e-001 1.62e+001  -6.5 5.07e+001   2.0 2.28e-004 5.81e-004h  1
   3 9.8832587e-003 6.89e-001 1.99e+001  -0.5 3.74e+001   1.5 5.63e-004 1.51e-003f  1
   4 1.0967414e-002 6.88e-001 2.24e+001   0.2 3.20e+001   1.9 3.06e-003 6.84e-004f  1
   5 1.5781500e-002 6.86e-001 7.01e+001   0.1 4.56e+001   1.5 3.13e-003 3.14e-003f  1
   6 3.0146022e-002 6.83e-001 2.54e+002   0.7 4.54e+001   1.9 1.63e-002 3.88e-003f  1
   7 3.2579472e-002 6.83e-001 3.72e+003   1.1 3.04e+001   2.3 2.39e-001 8.09e-004f  1
   8 5.1135526e-002 6.80e-001 4.14e+003   2.2 3.41e+001   1.8 1.77e-002 4.31e-003f  1
   9 1.0412497e-001 6.77e-001 4.92e+003   2.4 4.13e+001   2.3 2.91e-002 4.52e-003f  1
iter    objective    inf_pr   inf_du lg(mu)  ||d||  lg(rg) alpha_du alpha_pr  ls
  10 1.8599009e-001 6.74e-001 4.89e+003   2.5 7.00e+001    -  4.46e-003 4.78e-003f  1
  11 2.5678950e-001 6.72e-001 4.88e+003   2.5 7.65e+001    -  2.97e-003 2.16e-003f  1
  12 3.4845527e-001 6.70e-001 4.86e+003   2.5 6.28e+001    -  2.36e-003 2.47e-003f  1
  13 3.9253465e-001 6.70e-001 4.85e+003  -4.8 5.84e+001    -  2.15e-003 1.37e-003h  1
  14 4.5245932e-001 6.68e-001 4.85e+003   2.1 5.15e+001    -  1.63e-003 1.57e-003f  1
  15 4.9644815e-001 6.68e-001 4.84e+003  -4.8 5.73e+001    -  1.52e-003 1.22e-003h  1
  16 5.4000141e-001 6.67e-001 4.83e+003  -4.8 5.96e+001    -  1.38e-003 1.18e-003h  1
  17 5.8289524e-001 6.66e-001 4.82e+003  -4.8 6.08e+001    -  1.34e-003 1.14e-003h  1
  18 6.2403526e-001 6.65e-001 4.85e+003  -4.8 6.40e+001    -  1.28e-003 1.05e-003h  1
  19 6.7506364e-001 6.65e-001 4.88e+003   2.3 6.37e+001    -  1.29e-003 1.13e-003f  1
iter    objective    inf_pr   inf_du lg(mu)  ||d||  lg(rg) alpha_du alpha_pr  ls
  20 7.1987200e-001 6.64e-001 4.94e+003  -4.8 6.60e+001    -  1.25e-003 1.04e-003h  1
  21 7.6925981e-001 6.63e-001 5.00e+003   2.1 6.46e+001    -  1.28e-003 1.03e-003f  1
  22 8.1771521e-001 6.63e-001 5.05e+003  -4.8 6.81e+001    -  1.19e-003 1.02e-003h  1
  23 8.8214323e-001 6.62e-001 5.07e+003   2.5 6.59e+001    -  1.26e-003 1.13e-003f  1
  24 9.3052845e-001 6.61e-001 5.15e+003  -4.8 6.90e+001    -  1.20e-003 9.09e-004h  1
  25 9.8648273e-001 6.61e-001 5.19e+003  -4.8 6.95e+001    -  1.16e-003 1.00e-003h  1
  26 1.0434371e+000 6.60e-001 5.25e+003  -4.8 7.19e+001    -  1.22e-003 9.75e-004h  1
  27 1.1100546e+000 6.59e-001 5.27e+003   2.2 7.57e+001    -  1.13e-003 1.02e-003f  1
  28 1.1717969e+000 6.59e-001 5.33e+003  -4.8 7.80e+001    -  1.19e-003 9.63e-004h  1
  29 1.2515179e+000 6.58e-001 5.31e+003   2.4 8.26e+001    -  1.03e-003 1.10e-003f  1
iter    objective    inf_pr   inf_du lg(mu)  ||d||  lg(rg) alpha_du alpha_pr  ls
  30 1.3072010e+000 6.57e-001 5.90e+003   2.0 1.09e+002   1.8 1.39e-003 7.67e-004h  1
  31 1.3517179e+000 6.57e-001 5.37e+003  -4.8 1.54e+002   2.2 3.39e-004 6.74e-004h  1
  32 1.3830267e+000 6.57e-001 5.93e+003   2.5 1.69e+002   2.6 6.74e-004 4.88e-004h  1
  33 1.4236103e+000 6.56e-001 6.44e+003   2.5 1.25e+002   2.2 7.74e-004 5.14e-004h  1
  34 1.4677459e+000 6.56e-001 6.38e+003  -4.8 1.25e+002    -  4.84e-004 6.07e-004h  1
  35 1.5431117e+000 6.55e-001 6.63e+003   2.0 1.02e+002    -  1.55e-003 9.63e-004f  1
  36 1.5477141e+000 6.55e-001 6.63e+003  -4.8 1.24e+003    -  4.80e-005 5.87e-005h  1
  37 1.6042615e+000 6.55e-001 6.65e+003   0.8 1.47e+002    -  7.52e-004 6.90e-004f  1
  38 1.6600795e+000 6.54e-001 6.60e+003   1.7 1.32e+002    -  5.41e-004 6.48e-004f  1
  39 1.7385490e+000 6.54e-001 6.60e+003  -4.8 1.18e+002    -  9.56e-004 9.21e-004h  1
iter    objective    inf_pr   inf_du lg(mu)  ||d||  lg(rg) alpha_du alpha_pr  ls
  40 1.8160034e+000 6.53e-001 6.58e+003  -4.8 1.26e+002    -  4.81e-004 8.84e-004h  1
  41 1.8751604e+000 6.53e-001 6.75e+003   2.4 1.08e+002    -  1.40e-003 6.23e-004f  1
  42 1.9401087e+000 6.52e-001 6.65e+003   2.4 1.60e+002    -  3.67e-004 6.51e-004f  1
  43 1.9891208e+000 6.52e-001 7.14e+003  -4.8 1.11e+002    -  1.51e-003 5.15e-004h  1
  44 1.9968020e+000 6.52e-001 7.14e+003   2.5 6.38e+002    -  6.27e-005 6.90e-005f  1
  45 2.0269978e+000 6.52e-001 7.12e+003   2.5 3.15e+002    -  2.34e-004 2.84e-004f  1
  46 2.0928972e+000 6.51e-001 6.94e+003  -4.8 1.25e+002    -  3.14e-004 6.66e-004h  1
  47 2.1576949e+000 6.51e-001 6.81e+003   1.6 1.15e+002    -  3.87e-004 6.44e-004f  1
  48 2.2462920e+000 6.50e-001 6.91e+003   2.5 1.20e+002    -  1.05e-003 8.22e-004f  1
  49 2.3307006e+000 6.50e-001 7.24e+003  -4.7 1.22e+002    -  3.43e-004 7.93e-004h  1
iter    objective    inf_pr   inf_du lg(mu)  ||d||  lg(rg) alpha_du alpha_pr  ls
  50 2.4212561e+000 6.49e-001 7.71e+003   1.6 1.26e+002    -  6.60e-004 8.21e-004f  1
  51 2.4833501e+000 6.49e-001 7.05e+003  -4.7 1.32e+002    -  1.24e-003 5.35e-004h  1
  52 2.5446710e+000 6.49e-001 7.61e+003   2.5 2.04e+002    -  4.77e-005 5.01e-004f  1
  53 2.5836402e+000 6.48e-001 7.16e+003  -4.7 1.36e+002    -  6.56e-004 3.21e-004h  1
  54 2.6170838e+000 6.48e-001 7.07e+003   2.5 4.90e+002    -  1.64e-004 2.64e-004f  1
  55 2.6402746e+000 6.48e-001 7.08e+003  -4.7 1.54e+002    -  4.23e-004 1.87e-004h  1
  56 2.6603254e+000 6.48e-001 7.07e+003   2.5 6.51e+002    -  1.20e-004 1.57e-004f  1
  57 2.6790083e+000 6.48e-001 7.08e+003  -4.7 3.10e+002    -  1.88e-004 1.50e-004h  1
  58 2.6908481e+000 6.48e-001 7.08e+003   2.5 9.57e+002    -  8.40e-005 9.38e-005f  1
  59 2.6914836e+000 6.48e-001 7.09e+003  -4.7 8.00e+003    -  7.11e-006 8.47e-006h  1
iter    objective    inf_pr   inf_du lg(mu)  ||d||  lg(rg) alpha_du alpha_pr  ls
  60 2.7056524e+000 6.48e-001 7.11e+003   2.3 5.87e+002    -  1.61e-004 1.11e-004f  1
  61 2.7199489e+000 6.48e-001 6.96e+003  -4.7 4.50e+002   2.6 1.02e-004 1.67e-004h  1
  62 2.7309722e+000 6.48e-001 6.99e+003   1.8 5.86e+002    -  1.70e-004 8.76e-005f  1
  63 2.7557019e+000 6.47e-001 7.42e+003   2.4 2.56e+002   3.0 2.00e-004 3.41e-004h  1
  64 2.7568437e+000 6.47e-001 7.77e+003  -4.7 4.73e+003    -  1.61e-005 9.18e-006h  1
  65 2.7565205e+000 6.47e-001 7.42e+003  -4.7 7.50e+003   2.5 5.84e-006 1.21e-005h  1
  66 2.7616815e+000 6.47e-001 7.42e+003  -4.7 9.30e+002    -  7.27e-005 4.07e-005h  1
  67 2.7850991e+000 6.47e-001 7.94e+003   2.3 3.66e+002   3.0 1.83e-004 3.04e-004h  1
  68 2.7968601e+000 6.47e-001 7.87e+003  -4.7 3.63e+002   2.5 1.93e-004 1.26e-004h  1
  69 2.8205436e+000 6.47e-001 1.00e+004   2.5 3.91e+002   2.9 3.08e-004 2.89e-004h  1
iter    objective    inf_pr   inf_du lg(mu)  ||d||  lg(rg) alpha_du alpha_pr  ls
  70 2.8292450e+000 6.47e-001 1.07e+004  -4.7 3.00e+002   3.3 1.75e-004 1.23e-004h  1
  71 2.8388197e+000 6.47e-001 1.09e+004   2.5 4.61e+002   2.9 2.64e-005 1.10e-004h  1
  72 2.8421211e+000 6.47e-001 1.09e+004  -4.7 1.61e+003   2.4 4.14e-005 3.78e-005h  1
  73 2.8487117e+000 6.47e-001 1.10e+004  -4.7 5.46e+002   2.8 9.02e-005 7.56e-005h  1
  74 2.8564443e+000 6.47e-001 1.10e+004   2.5 4.41e+002   3.2 2.49e-004 9.80e-005h  1
  75 2.8762259e+000 6.47e-001 1.10e+004   2.5 3.82e+002   2.8 1.27e-004 2.03e-004h  1
  76r2.8762259e+000 6.47e-001 1.00e+003  -0.2 0.00e+000    -  0.00e+000 4.87e-007R  4
  77r2.7325800e+000 6.21e-001 1.03e+003   1.4 7.90e+001    -  1.89e-002 4.15e-003f  1
  78r2.4490286e+000 8.65e-001 1.16e+003   1.8 1.58e+001    -  1.07e-001 2.03e-002f  1
  79r2.1647791e+000 4.95e-001 1.01e+003   0.8 3.90e+000    -  5.81e-002 9.49e-002f  1
iter    objective    inf_pr   inf_du lg(mu)  ||d||  lg(rg) alpha_du alpha_pr  ls
  80 2.1828007e+000 4.94e-001 1.73e+000  -6.4 6.30e+001    -  1.78e-003 2.57e-003h  1
  81 2.1967483e+000 4.93e-001 2.10e+000  -1.4 6.95e+001    -  1.72e-003 1.49e-003h  1
  82 2.1994365e+000 4.93e-001 1.42e+001  -6.4 7.00e+001    -  1.10e-003 2.22e-004h  1
  83 2.2003241e+000 4.93e-001 2.58e+001  -6.4 6.64e+001    -  4.26e-005 6.79e-005h  1
  84 2.2004961e+000 4.93e-001 2.58e+001  -6.4 6.61e+001    -  8.37e-006 1.29e-005h  1
  85 2.2011881e+000 4.93e-001 2.58e+001  -2.5 6.63e+001    -  3.97e-005 5.28e-005h  1
  86 2.1987160e+000 4.93e-001 3.02e+004   1.6 5.62e+003    -  4.35e-009 2.47e-006f  1
  87 2.1989799e+000 4.93e-001 3.02e+004  -6.4 6.63e+001    -  3.37e-005 2.00e-005h  1
  88 2.1996968e+000 4.93e-001 3.02e+004  -1.8 6.63e+001    -  6.57e-005 5.43e-005h  1
  89 2.2006431e+000 4.93e-001 3.02e+004  -1.9 6.62e+001    -  4.46e-005 7.22e-005h  1
iter    objective    inf_pr   inf_du lg(mu)  ||d||  lg(rg) alpha_du alpha_pr  ls
  90 2.2016741e+000 4.93e-001 3.02e+004  -1.5 6.60e+001    -  4.32e-005 7.76e-005h  1
  91 2.2027134e+000 4.93e-001 3.02e+004  -1.3 6.59e+001    -  3.80e-005 7.71e-005h  1
  92 2.2037131e+000 4.93e-001 3.01e+004  -1.2 6.58e+001    -  3.45e-005 7.34e-005h  1
  93 2.2045508e+000 4.93e-001 3.01e+004  -1.5 6.56e+001    -  4.10e-005 6.17e-005h  1
  94 2.2054429e+000 4.92e-001 3.01e+004  -2.3 6.54e+001    -  4.75e-005 6.63e-005h  1
  95 2.2064103e+000 4.92e-001 3.01e+004  -2.3 6.54e+001    -  4.47e-005 7.17e-005h  1
  96 2.2073863e+000 4.92e-001 3.01e+004  -2.1 6.53e+001    -  4.08e-005 7.19e-005h  1
  97 2.2083634e+000 4.92e-001 3.01e+004  -2.0 6.51e+001    -  4.02e-005 7.13e-005h  1
  98 2.2093969e+000 4.92e-001 3.01e+004  -1.5 6.50e+001    -  4.53e-005 7.44e-005h  1
  99 2.2103322e+000 4.92e-001 3.01e+004  -1.8 6.48e+001    -  4.33e-005 6.73e-005h  1
iter    objective    inf_pr   inf_du lg(mu)  ||d||  lg(rg) alpha_du alpha_pr  ls
 100 2.2112877e+000 4.92e-001 3.01e+004  -2.3 6.47e+001    -  4.47e-005 6.87e-005h  1
 101 2.2122939e+000 4.92e-001 3.01e+004  -1.8 6.45e+001    -  4.39e-005 7.18e-005h  1
 102 2.2132582e+000 4.92e-001 3.01e+004  -2.3 6.44e+001    -  4.52e-005 6.84e-005h  1
 103 2.2142470e+000 4.92e-001 3.01e+004  -2.3 6.41e+001    -  4.52e-005 7.01e-005h  1
 104 2.2152418e+000 4.92e-001 3.01e+004  -2.1 6.41e+001    -  4.02e-005 7.01e-005h  1
 105 2.2162421e+000 4.92e-001 3.01e+004  -2.0 6.40e+001    -  4.00e-005 6.98e-005h  1
 106 2.2172978e+000 4.92e-001 3.01e+004  -1.4 6.38e+001    -  4.29e-005 7.26e-005h  1
 107 2.2182489e+000 4.92e-001 3.01e+004  -2.1 6.36e+001    -  4.40e-005 6.54e-005h  1
 108 2.2192691e+000 4.92e-001 3.01e+004  -1.8 6.36e+001    -  4.45e-005 6.98e-005h  1
 109 2.2202685e+000 4.92e-001 3.01e+004  -2.1 6.34e+001    -  4.36e-005 6.81e-005h  1
iter    objective    inf_pr   inf_du lg(mu)  ||d||  lg(rg) alpha_du alpha_pr  ls
 110 2.2212848e+000 4.92e-001 3.01e+004  -2.0 6.32e+001    -  4.19e-005 6.89e-005h  1
 111 2.2223092e+000 4.92e-001 3.01e+004  -1.8 6.31e+001    -  3.95e-005 6.90e-005h  1
 112 2.2233772e+000 4.92e-001 3.01e+004  -1.4 6.30e+001    -  4.29e-005 7.08e-005h  1
 113 2.2243772e+000 4.92e-001 3.01e+004  -1.7 6.27e+001    -  4.34e-005 6.61e-005h  1
 114 2.2254165e+000 4.92e-001 3.01e+004  -1.6 6.26e+001    -  4.49e-005 6.84e-005h  1
 115 2.2264575e+000 4.92e-001 3.01e+004  -1.6 6.25e+001    -  4.38e-005 6.81e-005h  1
 116 2.2274778e+000 4.92e-001 3.01e+004  -2.1 6.22e+001    -  4.53e-005 6.67e-005h  1
 117 2.2285231e+000 4.92e-001 3.01e+004  -2.1 6.21e+001    -  4.55e-005 6.80e-005h  1
 118 2.2295738e+000 4.92e-001 3.01e+004  -2.1 6.19e+001    -  4.52e-005 6.80e-005h  1
 119 2.2306395e+000 4.92e-001 3.01e+004  -1.7 6.18e+001    -  4.45e-005 6.83e-005h  1
iter    objective    inf_pr   inf_du lg(mu)  ||d||  lg(rg) alpha_du alpha_pr  ls
 120 2.2316870e+000 4.92e-001 3.01e+004  -2.1 6.14e+001    -  4.56e-005 6.70e-005h  1
 121 2.2327493e+000 4.92e-001 3.01e+004  -1.9 6.14e+001    -  4.23e-005 6.75e-005h  1
 122 2.2338212e+000 4.92e-001 3.01e+004  -1.8 6.12e+001    -  4.02e-005 6.76e-005h  1
 123 2.2349197e+000 4.91e-001 3.01e+004  -1.4 6.11e+001    -  4.00e-005 6.83e-005h  1
 124 2.2360259e+000 4.91e-001 3.01e+004  -1.3 6.09e+001    -  4.23e-005 6.79e-005h  1
 125 2.2370921e+000 4.91e-001 3.01e+004  -1.5 6.05e+001    -  4.25e-005 6.54e-005h  1
 126 2.2382064e+000 4.91e-001 3.01e+004  -1.2 6.05e+001    -  4.07e-005 6.78e-005h  1
 127 2.2392861e+000 4.91e-001 3.01e+004  -1.4 6.03e+001    -  3.92e-005 6.55e-005h  1
 128 2.2403942e+000 4.91e-001 3.01e+004  -1.4 6.00e+001    -  3.94e-005 6.69e-005h  1
 129 2.2415194e+000 4.91e-001 3.01e+004  -1.3 5.99e+001    -  3.89e-005 6.71e-005h  1
iter    objective    inf_pr   inf_du lg(mu)  ||d||  lg(rg) alpha_du alpha_pr  ls
 130 2.2426510e+000 4.91e-001 3.01e+004  -1.3 5.95e+001    -  3.94e-005 6.69e-005h  1
 131 2.2438964e+000 4.91e-001 3.01e+004  -0.9 5.97e+001    -  4.29e-005 7.15e-005f  1
 132 2.2449293e+000 4.91e-001 3.01e+004  -1.3 5.91e+001    -  4.39e-005 5.99e-005h  1
 133 2.2461243e+000 4.91e-001 3.01e+004  -1.0 5.92e+001    -  1.76e-005 6.86e-005h  1
 134 2.2463885e+000 4.91e-001 3.01e+004  -6.4 5.72e+001    -  9.42e-006 1.41e-005h  1
 135 2.2472067e+000 4.91e-001 3.01e+004  -2.3 5.86e+001    -  5.26e-005 4.77e-005h  1
 136 2.2483727e+000 4.91e-001 3.01e+004  -1.8 5.86e+001    -  3.59e-006 6.80e-005h  1
 137r2.2483727e+000 4.91e-001 9.99e+002  -0.3 0.00e+000    -  0.00e+000 3.85e-007R  4
 138r2.2416621e+000 4.72e-001 9.97e+002  -6.3 3.49e+001    -  3.31e-003 1.80e-003f  1
 139r2.2280812e+000 2.39e-001 9.94e+002  -6.3 2.78e+002    -  6.82e-003 1.58e-003f  1
iter    objective    inf_pr   inf_du lg(mu)  ||d||  lg(rg) alpha_du alpha_pr  ls
 140 2.2282049e+000 2.39e-001 1.53e+002  -6.8 3.97e+001    -  1.36e-005 1.43e-005h  1
 141 2.2295861e+000 2.39e-001 7.17e+003  -0.9 2.07e+001    -  3.23e-005 8.19e-004f  1
 142 2.2376263e+000 2.29e-001 6.87e+003  -6.8 3.02e+000    -  4.18e-002 4.11e-002h  1
 143 2.2380165e+000 2.29e-001 6.88e+003  -1.5 3.81e+001    -  1.55e-004 4.75e-005f  1
 144 2.2402450e+000 2.29e-001 6.88e+003  -1.2 4.07e+001    -  1.48e-004 3.16e-004f  1
 145 2.2403275e+000 2.29e-001 6.88e+003  -6.8 3.80e+001    -  8.81e-005 1.06e-005h  1
 146 2.2426112e+000 2.29e-001 6.87e+003  -1.1 4.06e+001    -  2.63e-004 3.16e-004f  1
 147 2.2471894e+000 2.29e-001 6.87e+003  -1.3 3.88e+001    -  1.65e-004 5.67e-004f  1
 148 2.2477003e+000 2.29e-001 6.87e+003  -6.8 3.83e+001    -  2.79e-004 6.62e-005h  1
 149 2.2478153e+000 2.29e-001 6.87e+003  -6.8 3.29e+001    -  1.14e-005 1.02e-005h  1
iter    objective    inf_pr   inf_du lg(mu)  ||d||  lg(rg) alpha_du alpha_pr  ls
 150 2.2498927e+000 2.29e-001 6.87e+003  -2.3 3.89e+001    -  4.21e-004 2.83e-004f  1
 151 2.2548338e+000 2.29e-001 6.86e+003  -0.8 3.91e+001    -  1.08e-004 5.31e-004f  1
 152 2.2551092e+000 2.29e-001 6.86e+003  -6.8 3.69e+001    -  1.02e-004 3.24e-005h  1
 153 2.2567155e+000 2.29e-001 6.86e+003  -2.9 3.73e+001    -  2.30e-004 1.96e-004h  1
 154r2.2567155e+000 2.29e-001 9.99e+002  -0.6 0.00e+000    -  0.00e+000 4.72e-007R  5
 155r2.2552106e+000 2.22e-001 9.98e+002  -1.2 4.25e+001    -  4.19e-003 3.91e-004f  1
 156r2.2469062e+000 1.93e-001 9.97e+002  -1.1 3.67e+001    -  3.51e-003 1.12e-003f  1
 157 2.2682449e+000 1.93e-001 7.11e+003   1.2 2.81e+003    -  2.09e-006 2.38e-004f  1
 158 2.2867197e+000 1.92e-001 7.08e+003  -2.7 2.72e+001    -  9.28e-003 4.67e-003h  1
 159 2.3912111e+000 1.89e-001 6.92e+003  -0.9 2.84e+001    -  5.07e-003 1.70e-002f  1
iter    objective    inf_pr   inf_du lg(mu)  ||d||  lg(rg) alpha_du alpha_pr  ls
 160 2.4466556e+000 1.87e-001 6.86e+003  -6.8 2.56e+001    -  4.24e-003 7.47e-003h  1
 161 2.4591159e+000 1.87e-001 6.85e+003  -6.8 2.73e+001    -  2.97e-003 1.06e-003h  1
 162 2.5342115e+000 1.86e-001 6.81e+003  -1.5 5.21e+001    -  9.49e-004 6.03e-003h  1
 163 2.5796281e+000 1.85e-001 6.79e+003  -6.8 4.69e+001    -  1.55e-003 2.60e-003h  1
 164 2.6001608e+000 1.85e-001 6.79e+003  -6.8 6.58e+001    -  7.96e-004 1.07e-003h  1
 165 2.6003390e+000 1.85e-001 6.79e+003  -6.8 1.13e+002    -  2.88e-004 1.11e-005h  1
 166 2.6004820e+000 1.85e-001 6.78e+003  -0.9 6.52e+000   2.3 1.22e-004 2.07e-004h  1
 167 2.6005290e+000 1.85e-001 8.80e+003  -1.6 1.56e+001   1.8 2.20e-004 3.87e-005h  1
 168 2.6037720e+000 1.85e-001 9.32e+003  -0.3 2.69e+001   1.3 7.40e-004 1.35e-003h  1
 169 2.6105296e+000 1.85e-001 9.69e+003  -0.4 5.10e+001   0.9 7.27e-004 1.40e-003h  1
iter    objective    inf_pr   inf_du lg(mu)  ||d||  lg(rg) alpha_du alpha_pr  ls
 170 2.6138345e+000 1.85e-001 9.05e+003  -0.3 4.62e+001   1.3 1.02e-003 7.59e-004h  1
 171 2.6144089e+000 1.85e-001 6.76e+003  -6.8 1.10e+002   0.8 1.63e-004 8.56e-005h  1
 172 2.6148548e+000 1.85e-001 1.21e+004  -6.8 5.90e+001   1.2 1.57e-004 8.28e-005h  1
 173 2.6159531e+000 1.84e-001 1.29e+004  -0.4 4.43e+002   0.8 5.95e-005 2.10e-004f  1
 174 2.6201098e+000 1.84e-001 1.26e+004  -0.4 6.52e+001   1.2 9.35e-004 6.90e-004h  1
 175 2.6201833e+000 1.84e-001 4.33e+004  -1.2 6.06e+001   1.6 1.64e-004 1.38e-005h  1
 176 2.6235484e+000 1.84e-001 4.63e+004   0.3 8.43e+001   1.1 3.50e-004 3.73e-004f  1
 177 2.6320749e+000 1.84e-001 1.86e+005   1.1 8.83e+001   1.6 1.50e-004 6.83e-004f  1
 178 2.6361130e+000 1.84e-001 1.91e+005  -6.8 1.29e+002   1.1 2.08e-004 5.21e-004h  1
 179 2.6403880e+000 1.84e-001 1.89e+005   0.5 6.68e+001   1.5 5.37e-004 4.49e-004h  1
iter    objective    inf_pr   inf_du lg(mu)  ||d||  lg(rg) alpha_du alpha_pr  ls
 180 2.6412141e+000 1.84e-001 1.91e+005  -6.8 3.07e+002   1.0 5.11e-005 1.35e-004h  1
 181 2.6445057e+000 1.84e-001 1.93e+005  -6.8 7.50e+001   1.5 2.86e-004 3.61e-004h  1
 182 2.6453007e+000 1.84e-001 1.96e+005  -0.1 6.25e+001   1.9 1.27e-004 9.68e-005h  1
 183 2.6470292e+000 1.84e-001 2.40e+005   0.6 5.04e+001   2.3 7.28e-004 2.43e-004h  1
 184 2.6495019e+000 1.84e-001 2.40e+005  -6.8 1.39e+002   1.8 1.01e-004 2.54e-004h  1
 185 2.6496201e+000 1.84e-001 3.51e+005  -6.8 8.25e+001   2.3 1.66e-004 1.28e-005h  1
 186 2.6523495e+000 1.84e-001 3.16e+005  -6.8 2.87e+002   1.8 3.85e-005 3.37e-004h  1
 187 2.6539784e+000 1.84e-001 3.36e+005   0.2 1.02e+002   2.2 2.36e-004 1.75e-004h  1
 188 2.6566062e+000 1.84e-001 3.22e+005   0.5 2.58e+002   1.7 8.41e-005 2.92e-004f  1
 189 2.6580139e+000 1.84e-001 3.16e+005   0.8 1.26e+002   2.2 1.90e-004 1.38e-004h  1
iter    objective    inf_pr   inf_du lg(mu)  ||d||  lg(rg) alpha_du alpha_pr  ls
 190 2.6593509e+000 1.84e-001 3.53e+005  -6.8 2.12e+002   1.7 5.04e-005 1.63e-004h  1
 191 2.6611369e+000 1.84e-001 3.41e+005  -6.8 1.34e+002   2.1 1.44e-004 1.90e-004h  1
 192 2.6617537e+000 1.84e-001 3.22e+005  -6.8 1.80e+002   1.6 8.56e-005 7.10e-005h  1
 193 2.6642896e+000 1.83e-001 3.93e+005   0.3 1.34e+002   2.1 1.21e-004 2.66e-004h  1
 194 2.6665150e+000 1.83e-001 7.29e+005   0.3 2.08e+002   1.6 9.80e-005 2.78e-004f  1
 195 2.6666545e+000 1.83e-001 6.74e+005  -6.8 4.14e+002   1.1 6.94e-005 2.68e-005h  1
 196 2.6796080e+000 1.83e-001 1.25e+006   1.2 1.75e+002   1.5 7.42e-005 8.13e-004f  1
 197 2.6798732e+000 1.83e-001 1.25e+006  -6.8 1.28e+002   1.0 2.40e-004 1.13e-005h  1
 198 2.6924240e+000 1.83e-001 1.23e+006   1.2 1.34e+002   1.5 1.07e-004 5.43e-004f  1
 199 2.7271318e+000 1.83e-001 1.23e+006  -6.8 1.20e+002    -  1.17e-004 5.05e-004h  1
iter    objective    inf_pr   inf_du lg(mu)  ||d||  lg(rg) alpha_du alpha_pr  ls
 200 2.7566559e+000 1.83e-001 1.23e+006  -6.8 7.38e+001    -  4.79e-004 4.09e-004h  1
 201 2.7741103e+000 1.83e-001 1.23e+006   1.1 8.78e+001   1.0 2.98e-004 4.12e-004f  1
 202 2.7841489e+000 1.83e-001 1.23e+006   1.2 1.02e+002   1.4 2.35e-004 3.17e-004f  1
 203 2.8142676e+000 1.83e-001 1.23e+006   1.2 1.29e+002   0.9 2.55e-004 5.58e-004f  1
 204 2.8307565e+000 1.83e-001 1.23e+006   0.3 1.91e+002    -  9.87e-005 2.15e-004f  1
 205 2.8319550e+000 1.83e-001 1.23e+006  -6.7 1.25e+002   2.3 4.56e-005 9.48e-005h  1
 206 2.8325786e+000 1.83e-001 1.23e+006  -0.5 1.10e+002   2.7 2.44e-004 6.00e-005h  1
 207 2.8352160e+000 1.83e-001 1.23e+006  -6.7 2.52e+002   2.2 4.14e-005 2.29e-004h  1
 208 2.8362598e+000 1.83e-001 1.23e+006  -6.7 1.11e+002   2.6 1.82e-004 8.99e-005h  1
 209 2.8371165e+000 1.83e-001 1.23e+006  -6.7 3.51e+002   2.2 3.89e-005 1.22e-004h  1
iter    objective    inf_pr   inf_du lg(mu)  ||d||  lg(rg) alpha_du alpha_pr  ls
 210 2.8373600e+000 1.83e-001 1.23e+006  -6.7 1.32e+002   2.6 1.45e-004 2.09e-005h  1
 211 2.8377045e+000 1.83e-001 1.23e+006  -6.7 3.95e+002   2.1 2.79e-005 1.23e-004h  1
 212 2.8272939e+000 1.83e-001 1.23e+006  -6.7 5.75e+003   1.6 5.23e-006 2.31e-005h  1
 213 2.9325854e+000 1.82e-001 2.79e+006   1.3 8.90e+001    -  2.65e-004 1.36e-003f  1
 214 2.9639086e+000 1.82e-001 2.81e+006   1.3 9.98e+001    -  4.24e-004 3.14e-004f  1
 215 2.9662277e+000 1.82e-001 4.15e+006  -6.7 8.46e+001    -  5.54e-004 2.75e-005h  1
 216 3.0040666e+000 1.82e-001 4.12e+006   1.3 1.01e+002    -  1.23e-004 3.74e-004f  1
 217 3.0057415e+000 1.82e-001 4.12e+006  -6.7 8.64e+001    -  5.76e-004 1.94e-005h  1
 218 3.0493498e+000 1.82e-001 4.13e+006   1.3 1.03e+002    -  2.60e-005 4.23e-004f  1
 219 3.0505386e+000 1.82e-001 4.13e+006  -6.7 8.88e+001    -  6.44e-004 1.34e-005h  1
iter    objective    inf_pr   inf_du lg(mu)  ||d||  lg(rg) alpha_du alpha_pr  ls
 220 3.0952967e+000 1.82e-001 4.14e+006   1.3 1.05e+002    -  2.35e-005 4.25e-004f  1
 221 3.0963677e+000 1.82e-001 4.14e+006  -6.7 9.04e+001    -  6.72e-004 1.19e-005h  1
 222 3.1424774e+000 1.82e-001 4.14e+006   1.3 1.07e+002    -  2.18e-005 4.29e-004f  1
 223 3.1435224e+000 1.82e-001 4.14e+006  -6.7 9.38e+001    -  6.85e-004 1.11e-005h  1
 224 3.1914749e+000 1.82e-001 4.14e+006   1.3 1.10e+002    -  2.10e-005 4.34e-004f  1
 225 3.1925084e+000 1.82e-001 4.14e+006  -6.7 9.62e+001    -  6.96e-004 1.07e-005h  1
 226 3.2418763e+000 1.82e-001 4.14e+006   1.3 1.12e+002    -  2.03e-005 4.39e-004f  1
 227 3.2429184e+000 1.82e-001 4.14e+006  -6.7 9.91e+001    -  7.08e-004 1.05e-005h  1
 228 3.2944196e+000 1.82e-001 4.13e+006   1.3 1.16e+002    -  2.00e-005 4.45e-004f  1
 229 3.2954754e+000 1.82e-001 4.13e+006  -6.7 1.02e+002    -  7.17e-004 1.04e-005h  1
iter    objective    inf_pr   inf_du lg(mu)  ||d||  lg(rg) alpha_du alpha_pr  ls
 230 3.3489069e+000 1.82e-001 4.13e+006   1.3 1.18e+002    -  1.97e-005 4.51e-004f  1
 231 3.3499789e+000 1.82e-001 4.13e+006  -6.7 1.05e+002    -  7.27e-004 1.03e-005h  1
 232r3.3499789e+000 1.82e-001 1.00e+003   0.6 0.00e+000    -  0.00e+000 3.04e-007R  4
 233r3.3748675e+000 3.18e-002 9.08e+002  -0.5 4.63e+000    -  9.27e-002 3.86e-002f  1
 234 3.4184451e+000 2.85e-002 1.37e+002  -0.9 9.16e+000    -  1.42e-002 1.04e-001f  1
 235 3.4456836e+000 2.69e-002 1.25e+002  -0.9 8.11e+000    -  5.27e-002 6.10e-002h  1
 236 3.4555688e+000 2.64e-002 1.23e+002  -0.9 8.67e+000    -  1.49e-002 1.92e-002h  1
 237 3.4558610e+000 2.64e-002 1.23e+002  -6.4 8.18e+000    -  4.10e-003 9.47e-004h  1
 238 3.4559276e+000 2.64e-002 1.23e+002  -6.4 8.31e+000    -  1.67e-004 2.06e-004h  1
 239 3.4561686e+000 2.63e-002 1.23e+002  -2.5 8.29e+000    -  7.86e-004 7.18e-004h  1
iter    objective    inf_pr   inf_du lg(mu)  ||d||  lg(rg) alpha_du alpha_pr  ls
 240 3.4565309e+000 2.63e-002 1.34e+002  -2.5 8.29e+000    -  5.67e-004 1.05e-003h  1
 241 3.4569014e+000 2.63e-002 1.22e+002  -2.2 8.33e+000    -  5.57e-004 1.05e-003h  1
 242 3.4577214e+000 2.62e-002 1.43e+002  -1.2 8.66e+000    -  6.64e-004 1.77e-003h  1
 243 3.4578240e+000 2.62e-002 1.43e+002  -6.4 8.36e+000    -  3.11e-004 2.98e-004h  1
 244 3.4581975e+000 2.62e-002 1.45e+002  -2.5 8.35e+000    -  6.98e-004 1.03e-003h  1
 245 3.4585950e+000 2.62e-002 1.46e+002  -2.3 8.39e+000    -  5.42e-004 1.07e-003h  1
 246 3.4591449e+000 2.61e-002 1.46e+002  -1.5 8.58e+000    -  6.45e-004 1.28e-003h  1
 247 3.4595089e+000 2.61e-002 1.46e+002  -1.6 8.53e+000    -  6.16e-004 8.86e-004h  1
 248 3.4598612e+000 2.61e-002 1.46e+002  -2.5 8.44e+000    -  6.70e-004 9.22e-004h  1
 249 3.4602642e+000 2.61e-002 1.46e+002  -2.5 8.45e+000    -  6.47e-004 1.04e-003h  1
iter    objective    inf_pr   inf_du lg(mu)  ||d||  lg(rg) alpha_du alpha_pr  ls
 250 3.4606810e+000 2.60e-002 1.46e+002  -2.3 8.48e+000    -  5.80e-004 1.05e-003h  1
 251 3.4610949e+000 2.60e-002 1.46e+002  -2.3 8.51e+000    -  5.84e-004 1.03e-003h  1
 252 3.4616304e+000 2.60e-002 1.46e+002  -1.5 8.66e+000    -  6.23e-004 1.19e-003h  1
 253 3.4620485e+000 2.60e-002 1.46e+002  -1.7 8.63e+000    -  5.72e-004 9.56e-004h  1
 254 3.4624400e+000 2.59e-002 1.46e+002  -2.5 8.55e+000    -  6.17e-004 9.47e-004h  1
 255 3.4628743e+000 2.59e-002 1.46e+002  -2.5 8.57e+000    -  6.17e-004 1.04e-003h  1
 256 3.4633131e+000 2.59e-002 1.46e+002  -2.5 8.59e+000    -  5.83e-004 1.03e-003h  1
 257 3.4638635e+000 2.59e-002 1.46e+002  -1.6 8.73e+000    -  5.73e-004 1.17e-003h  1
 258 3.4642539e+000 2.58e-002 1.45e+002  -2.5 8.63e+000    -  6.08e-004 9.01e-004h  1
 259 3.4647082e+000 2.58e-002 1.45e+002  -2.5 8.64e+000    -  6.01e-004 1.03e-003h  1
iter    objective    inf_pr   inf_du lg(mu)  ||d||  lg(rg) alpha_du alpha_pr  ls
 260 3.4651700e+000 2.58e-002 1.45e+002  -2.5 8.67e+000    -  5.84e-004 1.04e-003h  1
 261 3.4657138e+000 2.57e-002 1.45e+002  -1.7 8.78e+000    -  5.97e-004 1.13e-003h  1
 262 3.4661427e+000 2.57e-002 1.45e+002  -2.5 8.71e+000    -  5.96e-004 9.41e-004h  1
 263 3.4666201e+000 2.57e-002 1.45e+002  -2.5 8.73e+000    -  5.93e-004 1.03e-003h  1
 264 3.4671045e+000 2.57e-002 1.45e+002  -2.5 8.75e+000    -  5.91e-004 1.03e-003h  1
 265 3.4676344e+000 2.56e-002 1.45e+002  -1.9 8.82e+000    -  5.91e-004 1.08e-003h  1
 266 3.4681069e+000 2.56e-002 1.45e+002  -2.5 8.80e+000    -  6.06e-004 9.86e-004h  1
 267 3.4686082e+000 2.56e-002 1.44e+002  -2.5 8.81e+000    -  5.88e-004 1.03e-003h  1
 268 3.4691159e+000 2.56e-002 1.44e+002  -2.5 8.84e+000    -  5.97e-004 1.03e-003h  1
 269 3.4696381e+000 2.55e-002 1.44e+002  -2.3 8.87e+000    -  6.16e-004 1.04e-003h  1
iter    objective    inf_pr   inf_du lg(mu)  ||d||  lg(rg) alpha_du alpha_pr  ls
 270 3.4701529e+000 2.55e-002 1.44e+002  -2.5 8.88e+000    -  5.82e-004 1.02e-003h  1
 271 3.4706782e+000 2.55e-002 1.44e+002  -2.5 8.90e+000    -  5.90e-004 1.03e-003h  1
 272 3.4712101e+000 2.55e-002 1.44e+002  -2.5 8.93e+000    -  5.93e-004 1.03e-003h  1
 273 3.4717482e+000 2.54e-002 1.44e+002  -2.5 8.95e+000    -  5.91e-004 1.03e-003h  1
 274 3.4722926e+000 2.54e-002 1.44e+002  -2.5 8.97e+000    -  5.90e-004 1.03e-003h  1
 275 3.4728435e+000 2.54e-002 1.43e+002  -2.5 8.99e+000    -  5.89e-004 1.03e-003h  1
 276 3.4734007e+000 2.54e-002 1.43e+002  -2.5 9.02e+000    -  5.88e-004 1.03e-003h  1
 277 3.4739644e+000 2.53e-002 1.43e+002  -2.5 9.04e+000    -  5.87e-004 1.03e-003h  1
 278 3.4745345e+000 2.53e-002 1.43e+002  -2.5 9.06e+000    -  5.86e-004 1.03e-003h  1
 279 3.4751115e+000 2.53e-002 1.43e+002  -2.5 9.09e+000    -  5.86e-004 1.03e-003h  1
iter    objective    inf_pr   inf_du lg(mu)  ||d||  lg(rg) alpha_du alpha_pr  ls
 280 3.4756950e+000 2.53e-002 1.43e+002  -2.5 9.11e+000    -  5.85e-004 1.03e-003h  1
 281 3.4762852e+000 2.52e-002 1.43e+002  -2.5 9.13e+000    -  5.84e-004 1.03e-003h  1
 282 3.4768818e+000 2.52e-002 1.42e+002  -2.5 9.16e+000    -  5.84e-004 1.03e-003h  1
 283 3.4774857e+000 2.52e-002 1.42e+002  -2.5 9.18e+000    -  5.83e-004 1.03e-003h  1
 284 3.4780965e+000 2.51e-002 1.42e+002  -2.5 9.21e+000    -  5.83e-004 1.03e-003h  1
 285 3.4787134e+000 2.51e-002 1.42e+002  -2.5 9.23e+000    -  5.82e-004 1.03e-003h  1
 286 3.4793382e+000 2.51e-002 1.42e+002  -2.5 9.25e+000    -  5.82e-004 1.03e-003h  1
 287 3.4799701e+000 2.51e-002 1.42e+002  -2.5 9.28e+000    -  5.82e-004 1.03e-003h  1
 288 3.4806091e+000 2.50e-002 1.42e+002  -2.5 9.30e+000    -  5.82e-004 1.03e-003h  1
 289 3.4812554e+000 2.50e-002 1.42e+002  -2.5 9.33e+000    -  5.82e-004 1.03e-003h  1
iter    objective    inf_pr   inf_du lg(mu)  ||d||  lg(rg) alpha_du alpha_pr  ls
 290 3.4819090e+000 2.50e-002 1.41e+002  -2.5 9.35e+000    -  5.81e-004 1.03e-003h  1
 291 3.4825700e+000 2.50e-002 1.41e+002  -2.5 9.38e+000    -  5.81e-004 1.03e-003h  1
 292 3.4832384e+000 2.49e-002 1.41e+002  -2.5 9.40e+000    -  5.81e-004 1.03e-003h  1
 293 3.4839142e+000 2.49e-002 1.41e+002  -2.5 9.42e+000    -  5.81e-004 1.03e-003h  1
 294 3.4845977e+000 2.49e-002 1.41e+002  -2.5 9.45e+000    -  5.81e-004 1.03e-003h  1
 295 3.4852890e+000 2.49e-002 1.41e+002  -2.5 9.47e+000    -  5.81e-004 1.03e-003h  1
 296 3.4859879e+000 2.48e-002 1.41e+002  -2.5 9.50e+000    -  5.82e-004 1.04e-003h  1
 297 3.4866942e+000 2.48e-002 1.40e+002  -2.5 9.52e+000    -  5.82e-004 1.04e-003h  1
 298 3.4874080e+000 2.48e-002 1.40e+002  -2.5 9.54e+000    -  5.82e-004 1.04e-003h  1
 299 3.4881308e+000 2.48e-002 1.40e+002  -2.5 9.57e+000    -  5.82e-004 1.04e-003h  1
iter    objective    inf_pr   inf_du lg(mu)  ||d||  lg(rg) alpha_du alpha_pr  ls
 300 3.4888617e+000 2.47e-002 1.40e+002  -2.5 9.60e+000    -  5.82e-004 1.04e-003h  1
 301 3.4896009e+000 2.47e-002 1.40e+002  -2.5 9.62e+000    -  5.83e-004 1.04e-003h  1
 302 3.4903483e+000 2.47e-002 1.40e+002  -2.5 9.65e+000    -  5.83e-004 1.04e-003h  1
 303 3.4911042e+000 2.47e-002 1.40e+002  -2.5 9.67e+000    -  5.83e-004 1.04e-003h  1
 304 3.4918685e+000 2.46e-002 1.40e+002  -2.5 9.70e+000    -  5.84e-004 1.04e-003h  1
 305 3.4926413e+000 2.46e-002 1.41e+002  -2.5 9.72e+000    -  5.84e-004 1.04e-003h  1
 306 3.4934228e+000 2.46e-002 1.42e+002  -2.5 9.75e+000    -  5.84e-004 1.04e-003h  1
 307 3.4942131e+000 2.46e-002 1.43e+002  -2.5 9.77e+000    -  5.85e-004 1.04e-003h  1
 308 3.4950120e+000 2.45e-002 1.43e+002  -2.5 9.80e+000    -  5.85e-004 1.04e-003h  1
 309 3.4958201e+000 2.45e-002 1.44e+002  -2.5 9.82e+000    -  5.86e-004 1.04e-003h  1
iter    objective    inf_pr   inf_du lg(mu)  ||d||  lg(rg) alpha_du alpha_pr  ls
 310 3.4966365e+000 2.45e-002 1.45e+002  -2.5 9.84e+000    -  5.86e-004 1.04e-003h  1
 311 3.4974619e+000 2.45e-002 1.46e+002  -2.5 9.87e+000    -  5.87e-004 1.04e-003h  1
 312 3.4982972e+000 2.44e-002 1.46e+002  -2.5 9.90e+000    -  5.88e-004 1.04e-003h  1
 313 3.4991421e+000 2.44e-002 1.47e+002  -2.5 9.92e+000    -  5.88e-004 1.04e-003h  1
 314 3.4999964e+000 2.44e-002 1.48e+002  -2.5 9.95e+000    -  5.89e-004 1.04e-003h  1
 315 3.5008606e+000 2.44e-002 1.49e+002  -2.5 9.97e+000    -  5.90e-004 1.04e-003h  1
 316 3.5017347e+000 2.43e-002 1.49e+002  -2.5 1.00e+001    -  5.91e-004 1.04e-003h  1
 317 3.5026187e+000 2.43e-002 1.50e+002  -2.5 1.00e+001    -  5.92e-004 1.04e-003h  1
 318 3.5035123e+000 2.43e-002 1.51e+002  -2.5 1.00e+001    -  5.92e-004 1.04e-003h  1
 319 3.5044164e+000 2.43e-002 1.52e+002  -2.5 1.01e+001    -  5.93e-004 1.04e-003h  1
iter    objective    inf_pr   inf_du lg(mu)  ||d||  lg(rg) alpha_du alpha_pr  ls
 320 3.5053308e+000 2.42e-002 1.52e+002  -2.5 1.01e+001    -  5.94e-004 1.04e-003h  1
 321 3.5062554e+000 2.42e-002 1.53e+002  -2.5 1.01e+001    -  5.95e-004 1.04e-003h  1
 322 3.5071907e+000 2.42e-002 1.54e+002  -2.5 1.01e+001    -  5.96e-004 1.04e-003h  1
 323 3.5081368e+000 2.42e-002 1.55e+002  -2.5 1.02e+001    -  5.97e-004 1.04e-003h  1
 324 3.5090936e+000 2.41e-002 1.56e+002  -2.5 1.02e+001    -  5.98e-004 1.04e-003h  1
 325 3.5100613e+000 2.41e-002 1.56e+002  -2.5 1.02e+001    -  5.99e-004 1.05e-003h  1
 326 3.5110404e+000 2.41e-002 1.57e+002  -2.5 1.02e+001    -  6.00e-004 1.05e-003h  1
 327 3.5120298e+000 2.41e-002 1.58e+002  -2.5 1.03e+001    -  6.01e-004 1.05e-003h  1
 328 3.5130311e+000 2.40e-002 1.59e+002  -2.5 1.03e+001    -  6.02e-004 1.05e-003h  1
 329 3.5140447e+000 2.40e-002 1.59e+002  -2.5 1.03e+001    -  6.04e-004 1.05e-003h  1
iter    objective    inf_pr   inf_du lg(mu)  ||d||  lg(rg) alpha_du alpha_pr  ls
 330 3.5150701e+000 2.40e-002 1.60e+002  -2.5 1.03e+001    -  6.05e-004 1.05e-003h  1
 331 3.5161074e+000 2.40e-002 1.61e+002  -2.5 1.04e+001    -  6.06e-004 1.05e-003h  1
 332 3.5171570e+000 2.39e-002 1.62e+002  -2.5 1.04e+001    -  6.07e-004 1.05e-003h  1
 333 3.5182188e+000 2.39e-002 1.63e+002  -2.5 1.04e+001    -  6.09e-004 1.05e-003h  1
 334 3.5192932e+000 2.39e-002 1.63e+002  -2.5 1.04e+001    -  6.10e-004 1.05e-003h  1
 335 3.5203801e+000 2.38e-002 1.64e+002  -2.5 1.05e+001    -  6.11e-004 1.05e-003h  1
 336 3.5214801e+000 2.38e-002 1.65e+002  -2.5 1.05e+001    -  6.13e-004 1.05e-003h  1
 337 3.5225929e+000 2.38e-002 1.66e+002  -2.5 1.05e+001    -  6.14e-004 1.05e-003h  1
 338 3.5237191e+000 2.38e-002 1.67e+002  -2.5 1.05e+001    -  6.16e-004 1.05e-003h  1
 339 3.5248583e+000 2.37e-002 1.67e+002  -2.5 1.06e+001    -  6.17e-004 1.06e-003h  1
iter    objective    inf_pr   inf_du lg(mu)  ||d||  lg(rg) alpha_du alpha_pr  ls
 340 3.5260113e+000 2.37e-002 1.68e+002  -2.5 1.06e+001    -  6.19e-004 1.06e-003h  1
 341 3.5271788e+000 2.37e-002 1.75e+002  -2.5 1.06e+001    -  5.80e-004 1.06e-003h  1
 342 3.5285231e+000 2.37e-002 1.98e+002  -1.6 1.08e+001    -  5.50e-004 1.16e-003h  1
 343 3.5296150e+000 2.36e-002 1.74e+002  -2.5 1.06e+001    -  6.27e-004 9.70e-004h  1
 344 3.5308228e+000 2.36e-002 1.71e+002  -2.5 1.07e+001    -  6.40e-004 1.06e-003h  1
 345 3.5320651e+000 2.36e-002 1.81e+002  -2.3 1.07e+001    -  5.76e-004 1.07e-003h  1
 346 3.5333074e+000 2.36e-002 1.79e+002  -2.3 1.07e+001    -  6.11e-004 1.06e-003h  1
 347 3.5346200e+000 2.35e-002 1.80e+002  -1.9 1.08e+001    -  6.41e-004 1.10e-003h  1
 348 3.5358481e+000 2.35e-002 1.73e+002  -2.5 1.08e+001    -  6.39e-004 1.03e-003h  1
 349 3.5371486e+000 2.35e-002 1.83e+002  -2.3 1.08e+001    -  5.85e-004 1.07e-003h  1
iter    objective    inf_pr   inf_du lg(mu)  ||d||  lg(rg) alpha_du alpha_pr  ls
 350 3.5384548e+000 2.35e-002 1.82e+002  -2.3 1.08e+001    -  6.15e-004 1.07e-003h  1
 351 3.5398553e+000 2.34e-002 1.90e+002  -1.8 1.09e+001    -  6.17e-004 1.11e-003h  1
 352 3.5411307e+000 2.34e-002 1.78e+002  -2.5 1.09e+001    -  6.44e-004 1.02e-003h  1
 353 3.5425740e+000 2.34e-002 1.95e+002  -1.8 1.10e+001    -  5.92e-004 1.12e-003h  1
 354 3.5438983e+000 2.34e-002 1.83e+002  -2.3 1.09e+001    -  6.41e-004 1.04e-003h  1
 355 3.5452882e+000 2.33e-002 1.85e+002  -2.3 1.09e+001    -  6.27e-004 1.07e-003h  1
 356 3.5466954e+000 2.33e-002 1.86e+002  -2.3 1.10e+001    -  6.25e-004 1.08e-003h  1
 357 3.5481993e+000 2.33e-002 1.95e+002  -1.8 1.11e+001    -  6.24e-004 1.12e-003h  1
 358 3.5495885e+000 2.33e-002 1.85e+002  -2.3 1.10e+001    -  6.51e-004 1.04e-003h  1
 359 3.5510494e+000 2.32e-002 1.87e+002  -2.3 1.10e+001    -  6.36e-004 1.08e-003h  1
iter    objective    inf_pr   inf_du lg(mu)  ||d||  lg(rg) alpha_du alpha_pr  ls
 360 3.5525281e+000 2.32e-002 1.90e+002  -2.3 1.10e+001    -  6.31e-004 1.08e-003h  1
 361 3.5541047e+000 2.32e-002 1.93e+002  -1.8 1.12e+001    -  6.65e-004 1.12e-003h  1
 362 3.5555717e+000 2.32e-002 1.92e+002  -2.3 1.11e+001    -  6.29e-004 1.05e-003h  1
 363 3.5571037e+000 2.31e-002 1.92e+002  -2.3 1.11e+001    -  6.45e-004 1.09e-003h  1
 364 3.5586569e+000 2.31e-002 1.93e+002  -2.3 1.11e+001    -  6.45e-004 1.09e-003h  1
 365 3.5602719e+000 2.31e-002 1.97e+002  -1.9 1.12e+001    -  6.49e-004 1.11e-003h  1
 366 3.5618313e+000 2.31e-002 1.94e+002  -2.3 1.12e+001    -  6.54e-004 1.08e-003h  1
 367 3.5634350e+000 2.30e-002 1.96e+002  -2.3 1.12e+001    -  6.47e-004 1.10e-003h  1
 368 3.5650534e+000 2.30e-002 1.97e+002  -2.3 1.13e+001    -  6.52e-004 1.10e-003h  1
 369 3.5666823e+000 2.30e-002 1.99e+002  -2.3 1.13e+001    -  6.45e-004 1.10e-003h  1
iter    objective    inf_pr   inf_du lg(mu)  ||d||  lg(rg) alpha_du alpha_pr  ls
 370 3.5683140e+000 2.30e-002 2.02e+002  -2.3 1.13e+001    -  6.35e-004 1.11e-003h  1
 371 3.5699329e+000 2.29e-002 2.08e+002  -2.3 1.14e+001    -  6.13e-004 1.11e-003h  1
 372 3.5714927e+000 2.29e-002 2.19e+002  -2.3 1.14e+001    -  5.66e-004 1.12e-003h  1
 373 3.5719497e+000 2.29e-002 2.09e+002  -2.3 1.28e+001    -  4.17e-004 4.32e-004h  1
 374 3.5719541e+000 2.29e-002 4.44e+002  -1.4 2.62e+001    -  1.81e-004 5.01e-005h  1
 375 3.5719391e+000 2.29e-002 1.30e+003  -6.4 2.75e+001    -  1.28e-004 6.29e-005h  1
 376 3.5723938e+000 2.29e-002 7.69e+003  -1.2 2.64e+001    -  2.25e-004 1.61e-003f  1
 377 3.5840343e+000 2.26e-002 9.39e+004  -1.0 2.17e+001    -  5.28e-004 1.02e-002h  1
 378 3.5846063e+000 2.26e-002 9.15e+004  -6.4 1.48e+001    -  4.13e-003 2.07e-004h  1
 379 3.6303168e+000 2.23e-002 9.51e+004  -1.7 1.63e+001    -  4.36e-003 1.47e-002h  1
iter    objective    inf_pr   inf_du lg(mu)  ||d||  lg(rg) alpha_du alpha_pr  ls
 380 3.6335925e+000 2.23e-002 9.43e+004  -6.4 2.13e+001    -  1.23e-003 8.40e-004h  1
 381 3.6344703e+000 4.42e-002 9.62e+004  -6.4 1.66e+002    -  5.56e-004 2.52e-003h  1
 382 3.6401746e+000 4.41e-002 9.77e+004  -6.4 1.78e+001    -  6.89e-004 1.23e-003h  1
 383 3.6474736e+000 4.41e-002 1.07e+005  -2.5 1.81e+001    -  7.72e-005 1.52e-003h  1
 384 3.6562554e+000 4.40e-002 1.15e+005  -6.4 1.85e+001    -  4.72e-004 1.74e-003h  1
 385 3.6633527e+000 4.39e-002 1.26e+005  -2.5 1.89e+001    -  6.21e-004 1.33e-003h  1
 386 3.6671297e+000 4.39e-002 1.31e+005  -1.7 1.95e+001    -  8.41e-004 6.72e-004h  1
 387 3.6777530e+000 4.38e-002 1.32e+005  -2.5 1.97e+001    -  1.49e-003 1.83e-003h  1
 388 3.6830156e+000 4.38e-002 1.32e+005  -6.4 2.06e+001    -  7.35e-004 8.44e-004h  1
 389 3.6846003e+000 4.38e-002 1.32e+005  -6.4 2.11e+001    -  4.71e-004 2.45e-004h  1
iter    objective    inf_pr   inf_du lg(mu)  ||d||  lg(rg) alpha_du alpha_pr  ls
 390 3.6858430e+000 4.38e-002 1.30e+005  -2.5 2.12e+001    -  9.56e-005 1.91e-004h  1
 391 3.6908517e+000 4.37e-002 1.30e+005  -2.5 2.14e+001    -  1.67e-004 7.57e-004h  1
 392 3.6961611e+000 4.37e-002 1.30e+005  -2.5 2.18e+001    -  9.01e-004 7.80e-004h  1
 393 3.6989948e+000 4.37e-002 1.29e+005  -6.4 2.25e+001    -  3.78e-004 4.01e-004h  1
 394 3.7023986e+000 4.37e-002 1.29e+005  -2.5 2.29e+001    -  2.62e-004 4.72e-004h  1
 395 3.7055034e+000 4.36e-002 1.29e+005  -2.5 2.33e+001    -  2.89e-004 4.22e-004h  1
 396 3.7086831e+000 4.36e-002 1.30e+005  -2.5 2.37e+001    -  3.21e-004 4.25e-004h  1
 397 3.7124682e+000 4.36e-002 1.30e+005  -2.3 2.42e+001    -  3.17e-004 4.96e-004h  1
 398 3.7139078e+000 4.36e-002 1.30e+005  -6.4 2.47e+001    -  1.11e-004 1.85e-004h  1
 399 3.7162569e+000 4.36e-002 1.30e+005  -2.5 2.50e+001    -  4.43e-004 2.99e-004h  1
iter    objective    inf_pr   inf_du lg(mu)  ||d||  lg(rg) alpha_du alpha_pr  ls
 400 3.7196735e+000 4.36e-002 1.29e+005  -2.5 2.56e+001    -  2.36e-004 4.29e-004h  1
 401 3.7286908e+000 4.35e-002 1.28e+005  -1.5 2.68e+001    -  2.92e-004 1.10e-003h  1
 402 3.7294058e+000 4.35e-002 1.28e+005  -6.4 2.77e+001    -  1.96e-004 8.45e-005h  1
 403 3.7344038e+000 4.35e-002 1.28e+005  -2.5 2.83e+001    -  2.87e-004 5.89e-004h  1
 404 3.7348499e+000 4.35e-002 1.28e+005  -6.4 2.96e+001    -  9.18e-005 5.13e-005h  1
 405 3.7411541e+000 4.35e-002 1.28e+005  -2.5 3.01e+001    -  3.85e-004 7.22e-004h  1
 406 3.7415198e+000 4.34e-002 1.28e+005  -6.4 3.22e+001    -  1.74e-004 4.08e-005h  1
 407 3.7469572e+000 4.34e-002 1.27e+005  -2.5 3.37e+001    -  3.19e-004 6.10e-004h  1
 408 3.7472963e+000 4.34e-002 1.27e+005  -6.4 3.70e+001    -  2.14e-004 3.71e-005h  1
 409 3.7523279e+000 4.34e-002 1.27e+005  -2.3 4.28e+001    -  2.92e-004 5.64e-004h  1
iter    objective    inf_pr   inf_du lg(mu)  ||d||  lg(rg) alpha_du alpha_pr  ls
 410 3.7526646e+000 4.34e-002 1.27e+005  -6.4 5.07e+001    -  2.32e-004 3.75e-005h  1
 411 3.7524073e+000 4.34e-002 1.27e+005  -6.4 1.32e+003    -  4.84e-005 1.42e-005h  1
 412 3.7531239e+000 4.34e-002 1.26e+005  -1.6 6.64e+000   1.2 2.27e-004 4.78e-004h  1
 413 3.7531689e+000 4.34e-002 1.26e+005  -6.4 6.78e+000   0.7 1.39e-004 1.96e-005h  1
 414 3.7551573e+000 4.33e-002 1.26e+005  -2.3 1.39e+001   0.2 2.95e-004 5.56e-004h  1
 415 3.7551995e+000 4.33e-002 1.26e+005  -6.4 6.83e+000   0.6 1.81e-004 1.69e-005h  1
 416 3.7569899e+000 4.33e-002 1.27e+005  -1.9 2.21e+001   0.2 1.69e-003 4.56e-004h  1
 417 3.7571286e+000 4.33e-002 1.27e+005  -6.4 7.29e+000   0.6 1.04e-004 4.92e-005h  1
 418 3.7606981e+000 4.33e-002 1.27e+005  -2.3 9.00e+000   0.1 4.00e-004 7.99e-004h  1
 419 3.7607972e+000 4.33e-002 1.27e+005  -6.4 7.97e+000   0.5 2.25e-004 3.17e-005h  1
iter    objective    inf_pr   inf_du lg(mu)  ||d||  lg(rg) alpha_du alpha_pr  ls
 420 3.7624614e+000 4.33e-002 1.27e+005  -1.3 9.96e+000   0.1 4.74e-004 3.32e-004h  1
 421 3.7694854e+000 4.32e-002 2.51e+005  -0.9 8.62e+000   0.5 4.92e-004 2.00e-003h  1
 422 3.7696909e+000 4.32e-002 3.37e+005  -6.4 7.69e+000   0.9 5.96e-004 7.90e-005h  1
 423 3.7702591e+000 4.32e-002 3.38e+005  -6.4 1.04e+001   0.4 6.15e-004 1.34e-004h  1
 424 3.7717177e+000 4.32e-002 3.36e+005  -1.4 8.26e+000   0.9 1.23e-003 5.01e-004h  1
 425 3.7722691e+000 4.32e-002 3.36e+005  -6.4 1.20e+001   0.4 1.57e-004 1.10e-004h  1
 426 3.7750617e+000 4.31e-002 3.35e+005  -1.8 9.34e+000   0.8 4.10e-004 8.34e-004h  1
 427 3.7753445e+000 4.31e-002 3.35e+005  -6.4 1.39e+001   0.3 3.82e-004 4.89e-005h  1
 428 3.7772448e+000 4.31e-002 3.35e+005  -1.1 1.05e+001   0.8 9.18e-004 4.91e-004h  1
 429 3.7776963e+000 4.31e-002 3.35e+005  -6.4 1.55e+001   0.3 4.06e-004 6.78e-005h  1
iter    objective    inf_pr   inf_du lg(mu)  ||d||  lg(rg) alpha_du alpha_pr  ls
 430 3.7801984e+000 4.31e-002 3.35e+005  -1.0 1.15e+001   0.7 2.79e-004 5.62e-004h  1
 431 3.7805330e+000 4.31e-002 3.35e+005  -6.4 1.79e+001   0.2 5.23e-004 4.45e-005h  1
 432 3.7830346e+000 4.30e-002 3.35e+005  -0.8 1.26e+001   0.7 1.66e-003 4.93e-004h  1
 433 3.7839491e+000 4.30e-002 3.35e+005  -6.4 1.94e+001   0.2 4.14e-004 1.02e-004h  1
 434 3.7891568e+000 4.30e-002 3.34e+005  -1.1 1.39e+001   0.6 4.12e-004 8.72e-004h  1
 435 3.7897471e+000 4.30e-002 3.45e+005  -6.4 2.64e+001   0.1 6.26e-004 5.71e-005h  1
 436 3.7923727e+000 4.30e-002 3.32e+005   0.2 1.80e+001   0.6 1.92e-003 3.29e-004f  1
 437 3.7962636e+000 4.30e-002 3.32e+005  -6.4 2.28e+001   0.1 1.70e-004 3.14e-004h  1
 438 3.8059856e+000 4.29e-002 3.32e+005  -1.5 1.69e+001   0.5 1.28e-003 1.16e-003h  1
 439 3.8084140e+000 4.29e-002 3.32e+005  -6.4 3.76e+001   0.0 4.78e-004 1.61e-004h  1
iter    objective    inf_pr   inf_du lg(mu)  ||d||  lg(rg) alpha_du alpha_pr  ls
 440 3.8181037e+000 4.29e-002 3.32e+005  -0.7 2.02e+001   0.4 1.67e-003 9.23e-004h  1
 441 3.8211606e+000 4.29e-002 3.32e+005  -6.4 1.15e+002  -0.0 1.94e-004 1.73e-004h  1
 442 3.8243291e+000 4.29e-002 3.32e+005  -6.4 2.43e+001   0.4 3.04e-004 2.46e-004h  1
 443 3.8292249e+000 4.28e-002 5.09e+005  -0.0 1.91e+001   0.8 9.86e-004 5.43e-004h  1
 444 3.8716245e+000 4.27e-002 1.07e+006  -0.6 2.93e+001   0.3 1.45e-003 2.74e-003h  1
 445 3.8722597e+000 4.27e-002 1.40e+006  -6.4 2.92e+001   0.8 4.92e-004 4.78e-005h  1
 446 3.8917702e+000 4.27e-002 1.46e+006  -0.2 7.23e+001   0.3 6.83e-004 9.07e-004h  1
 447 3.9146690e+000 4.27e-002 1.97e+006   0.3 3.38e+002  -0.2 1.45e-004 7.64e-004f  1
 448 4.0554486e+000 4.25e-002 2.01e+006  -6.4 4.25e+001    -  2.53e-003 3.59e-003h  1
 449 4.2266633e+000 4.23e-002 2.15e+006  -6.4 4.45e+001    -  2.09e-003 3.90e-003h  1
iter    objective    inf_pr   inf_du lg(mu)  ||d||  lg(rg) alpha_du alpha_pr  ls
 450 4.4103011e+000 4.22e-002 2.24e+006  -6.4 5.13e+001    -  2.44e-003 3.59e-003h  1
 451 4.5869081e+000 4.21e-002 2.27e+006  -6.4 5.73e+001    -  2.02e-003 3.08e-003h  1
 452 4.7554415e+000 4.20e-002 2.28e+006  -6.4 6.27e+001    -  1.81e-003 2.69e-003h  1
 453 4.8947635e+000 4.19e-002 2.27e+006  -6.4 6.66e+001    -  1.32e-003 2.09e-003h  1
 454 4.9448419e+000 4.18e-002 2.27e+006  -6.4 7.00e+001    -  1.15e-003 7.16e-004h  1
 455 5.0320073e+000 4.18e-002 2.26e+006  -6.4 1.13e+002    -  4.79e-004 1.25e-003h  1
 456 5.1545956e+000 4.17e-002 2.25e+006  -6.4 7.44e+001    -  9.91e-004 1.65e-003h  1
 457 5.2700135e+000 4.17e-002 2.23e+006  -6.4 7.86e+001    -  9.62e-004 1.47e-003h  1
 458 5.3691118e+000 4.16e-002 2.21e+006  -1.0 8.59e+001    -  7.92e-004 1.24e-003h  1
 459 5.4620357e+000 4.16e-002 2.17e+006  -6.4 1.04e+002    -  6.12e-004 1.14e-003h  1
iter    objective    inf_pr   inf_du lg(mu)  ||d||  lg(rg) alpha_du alpha_pr  ls
 460 5.5491068e+000 4.15e-002 2.12e+006  -0.4 1.09e+002    -  6.39e-004 1.03e-003h  1
 461 5.6201544e+000 4.15e-002 2.05e+006  -6.4 1.19e+002    -  4.65e-004 8.47e-004h  1
 462 5.6943162e+000 4.14e-002 1.97e+006  -1.8 1.25e+002    -  5.53e-004 8.61e-004h  1
 463 5.7535016e+000 4.14e-002 1.84e+006  -6.4 1.56e+002    -  3.13e-004 6.95e-004h  1
 464 5.8256258e+000 4.14e-002 1.76e+006  -6.4 1.24e+002    -  5.77e-004 8.05e-004h  1
 465 5.8789065e+000 4.14e-002 1.62e+006  -6.4 1.83e+002    -  2.32e-004 6.13e-004h  1
 466 5.9511621e+000 4.13e-002 1.56e+006  -6.4 1.10e+002    -  6.91e-004 8.19e-004h  1
 467 5.9919756e+000 4.13e-002 1.43e+006  -6.4 2.51e+002    -  1.41e-004 4.84e-004h  1
 468 6.0607217e+000 4.13e-002 1.43e+006  -6.4 1.02e+002    -  8.11e-004 7.05e-004h  1
 469 6.0712773e+000 4.13e-002 1.43e+006  -6.4 7.35e+002    -  4.21e-005 1.99e-004h  1
iter    objective    inf_pr   inf_du lg(mu)  ||d||  lg(rg) alpha_du alpha_pr  ls
 470 6.1390905e+000 4.12e-002 1.43e+006  -6.4 1.01e+002    -  8.94e-004 6.74e-004h  1
 471 6.1624712e+000 4.12e-002 1.43e+006  -6.4 4.67e+002    -  7.10e-005 3.04e-004h  1
 472 6.2732577e+000 4.12e-002 1.43e+006  -0.0 1.02e+002    -  8.26e-004 1.09e-003f  1
 473 6.3493794e+000 4.11e-002 1.43e+006  -6.4 1.21e+002    -  3.80e-004 7.61e-004h  1
 474 6.4199604e+000 4.11e-002 1.43e+006  -6.4 1.09e+002    -  5.24e-004 6.84e-004h  1
 475 6.4384059e+000 4.11e-002 1.43e+006  -6.4 2.43e+002   0.2 1.64e-004 3.00e-004h  1
 476 6.4598567e+000 4.11e-002 1.43e+006   0.5 5.04e+002    -  1.30e-004 2.13e-004f  1
 477 6.4642669e+000 4.11e-002 1.43e+006  -6.4 1.20e+003    -  3.60e-005 5.53e-005h  1
 478 6.4822967e+000 4.11e-002 1.43e+006   0.4 4.70e+002  -0.2 1.26e-004 2.43e-004f  1
 479 6.5201262e+000 4.11e-002 1.44e+006  -6.4 2.75e+002    -  1.85e-004 3.76e-004h  1
iter    objective    inf_pr   inf_du lg(mu)  ||d||  lg(rg) alpha_du alpha_pr  ls
 480 6.5303337e+000 4.11e-002 1.44e+006   0.9 1.18e+003  -0.7 5.39e-005 1.08e-004f  1
 481 6.5922651e+000 4.10e-002 1.45e+006  -0.0 1.42e+002    -  2.31e-004 5.71e-004h  1
 482 6.6571911e+000 4.10e-002 1.45e+006  -2.3 1.13e+002    -  6.24e-004 5.74e-004h  1
 483 6.6595916e+000 4.10e-002 1.45e+006  -6.4 1.50e+003    -  3.06e-005 4.09e-005h  1
 484 6.6594053e+000 4.10e-002 1.45e+006  -0.0 2.24e+003  -0.3 2.20e-005 2.75e-005f  1
 485 6.6592520e+000 4.10e-002 1.45e+006  -6.4 2.32e+003   0.1 2.06e-005 2.04e-005h  1
 486 6.6603107e+000 4.10e-002 1.45e+006  -6.4 1.20e+003   0.6 2.55e-005 3.11e-005h  1
 487 6.6713504e+000 4.10e-002 1.43e+006  -0.6 3.39e+002   1.0 1.45e-004 2.80e-004h  1
 488 6.6754637e+000 4.10e-002 1.44e+006   1.4 1.67e+003   0.5 3.38e-005 7.78e-005f  1
 489r6.6754637e+000 4.10e-002 1.00e+003  -1.4 0.00e+000   0.0 0.00e+000 2.65e-007R  6
iter    objective    inf_pr   inf_du lg(mu)  ||d||  lg(rg) alpha_du alpha_pr  ls
 490r6.6584971e+000 1.98e-002 9.98e+002   0.3 4.91e+001    -  7.50e-003 1.06e-003f  1
 491 6.6587650e+000 1.98e-002 1.02e+001  -6.2 3.15e+000    -  2.94e-003 2.87e-004h  1
 492 6.6658250e+000 1.98e-002 1.76e+004   1.8 1.71e+003    -  4.78e-008 7.62e-005f  1
 493 6.6761523e+000 1.94e-002 1.72e+004  -0.8 3.73e+000    -  3.58e-002 2.24e-002f  1
 494 6.6768953e+000 1.94e-002 2.40e+004  -0.8 5.29e+000    -  1.23e-001 6.25e-004h  1
 495 6.7355017e+000 2.79e-002 2.27e+004  -1.1 6.70e+000    -  6.50e-002 2.23e-001f  1
 496 6.7459679e+000 2.79e-002 7.73e+004  -6.3 2.42e+002    -  1.54e-003 1.33e-004h  1
 497 6.8747375e+000 2.65e-002 4.75e+004  -1.3 3.10e+000    -  4.38e-002 5.33e-002h  1
 498 6.9500005e+000 2.56e-002 2.69e+005  -1.9 3.71e+000    -  1.08e-001 3.25e-002h  1
 499 7.0364990e+000 4.46e-002 2.41e+005  -6.4 8.66e+000    -  2.76e-002 4.92e-002h  1
iter    objective    inf_pr   inf_du lg(mu)  ||d||  lg(rg) alpha_du alpha_pr  ls
 500 7.0385739e+000 4.35e-002 1.08e+005  -0.8 4.68e+000    -  6.10e-002 3.47e-002h  1
 501 7.0277678e+000 4.30e-002 5.62e+004  -6.4 4.65e+000    -  2.02e-002 1.14e-002h  1
 502 7.0179442e+000 4.23e-002 9.06e+004  -0.7 5.05e+000    -  1.29e-002 1.67e-002h  1
 503 7.0493472e+000 4.63e-002 8.90e+004   0.3 3.28e+001    -  1.01e-002 1.10e-002f  1
 504 7.1095211e+000 6.15e-002 8.63e+004   0.5 3.07e+001    -  1.87e-002 1.10e-002f  1
 505 7.3704809e+000 6.31e-002 8.17e+004   0.4 7.83e+000    -  1.16e-001 5.89e-002f  1
 506 7.7272531e+000 1.17e-001 7.42e+004   0.7 7.36e+000    -  9.54e-002 8.89e-002h  1
 507 7.7047574e+000 1.24e-001 7.09e+004   0.9 1.20e+001  -0.4 8.75e-002 4.90e-002f  1
 508 7.7091459e+000 1.27e-001 1.15e+006   1.6 1.60e+001   0.9 9.97e-001 3.57e-002f  1
 509 6.6741380e+000 1.02e-001 2.04e+006  -4.4 5.67e+000    -  1.01e-001 1.96e-001h  1
iter    objective    inf_pr   inf_du lg(mu)  ||d||  lg(rg) alpha_du alpha_pr  ls
 510 6.6927854e+000 8.93e-002 1.79e+006   1.7 3.08e+000   2.2 1.17e-001 1.27e-001h  1
 511 6.7271117e+000 7.53e-002 1.50e+006   1.9 1.31e+000   2.6 2.14e-001 1.62e-001h  1
 512 6.7790284e+000 5.39e-002 1.08e+006   1.2 1.55e+000   2.2 2.31e-001 2.84e-001h  1
 513 6.8171554e+000 4.24e-002 8.47e+005  -4.4 5.78e-001   2.6 1.58e-001 2.14e-001h  1
 514 6.8188036e+000 4.19e-002 8.36e+005  -4.5 1.97e+001   2.1 5.36e-003 1.22e-002h  1
 515 6.8194420e+000 4.17e-002 8.32e+005  -4.5 8.29e-001   2.5 6.39e-002 4.35e-003h  1
 516 6.8206842e+000 4.13e-002 8.24e+005  -4.5 3.02e+001   2.1 1.70e-003 9.77e-003h  1
 517 6.8230663e+000 4.06e-002 8.11e+005  -4.5 1.58e+000   2.5 2.61e-002 1.65e-002h  1
 518 6.8268409e+000 3.93e-002 7.85e+005  -0.1 8.75e+000   2.0 6.48e-002 3.18e-002h  1
 519 6.8442254e+000 3.43e-002 6.85e+005   0.2 1.75e+000   2.4 1.25e-001 1.27e-001h  1
iter    objective    inf_pr   inf_du lg(mu)  ||d||  lg(rg) alpha_du alpha_pr  ls
 520 6.8532901e+000 3.08e-002 6.15e+005  -4.6 1.41e+000   2.0 8.85e-002 1.02e-001h  1
 521 6.8711310e+000 2.60e-002 5.18e+005  -4.7 6.66e-001   2.4 1.94e-001 1.57e-001h  1
 522 6.8749812e+000 2.55e-002 4.55e+005   0.7 2.57e+000   1.9 1.40e-001 1.21e-001h  1
 523 6.9113365e+000 1.69e-002 2.75e+005  -0.2 3.72e-001   2.3 4.09e-001 3.94e-001h  1
 524 6.9511403e+000 2.15e-002 8.93e+004  -5.0 1.42e+000   1.9 2.62e-001 6.73e-001H  1
 525 6.9794358e+000 4.07e-002 7.72e+003   0.2 4.14e-001   2.3 4.31e-001 9.69e-001h  1
 526 6.9827270e+000 2.95e-002 2.44e+006   1.1 3.17e-001   2.7 1.00e+000 2.75e-001f  1
 527 6.9844294e+000 2.33e-002 7.20e+006   1.3 2.79e-001   2.2 1.00e+000 2.12e-001f  1
 528 6.8299572e+000 5.21e-002 7.03e+005  -0.8 4.60e-001    -  5.74e-001 9.92e-001H  1
 529 6.8184024e+000 1.76e-002 3.11e+006  -0.3 2.65e-001    -  8.04e-001 1.00e+000f  1
iter    objective    inf_pr   inf_du lg(mu)  ||d||  lg(rg) alpha_du alpha_pr  ls
 530 6.8177203e+000 6.01e-005 3.00e+003  -0.8 1.75e-002   1.8 1.00e+000 1.00e+000f  1
 531 6.8176826e+000 3.35e-006 1.05e+002  -2.2 3.66e-003   1.3 1.00e+000 1.00e+000h  1
 532 6.8175016e+000 2.00e-008 4.08e-001  -3.8 2.18e-004   0.8 1.00e+000 1.00e+000h  1
 533 6.8169815e+000 1.83e-007 6.34e-003  -5.5 6.30e-004   0.3 1.00e+000 1.00e+000h  1
 534 6.8154237e+000 1.58e-006 1.33e-003  -7.0 1.87e-003  -0.1 1.00e+000 1.00e+000h  1
 535 6.8107751e+000 1.26e-005 1.28e-003  -8.3 5.41e-003  -0.6 1.00e+000 1.00e+000h  1
 536 6.7992144e+000 6.04e-005 7.17e-001  -7.3 1.45e-002  -1.1 1.00e+000 8.41e-001h  1
 537 6.7737247e+000 1.77e-004 5.61e+000  -6.7 4.02e-002  -1.6 1.00e+000 6.34e-001h  1
 538 6.6565264e+000 1.46e-003 1.18e-001  -7.2 1.17e-001  -2.1 1.00e+000 1.00e+000h  1
 539 6.5181208e+000 1.51e-003 1.39e+001  -6.5 3.36e-001  -2.5 1.00e+000 4.12e-001h  1
iter    objective    inf_pr   inf_du lg(mu)  ||d||  lg(rg) alpha_du alpha_pr  ls
 540 6.3954255e+000 1.06e-003 2.73e-001  -6.6 1.23e-001  -2.1 1.00e+000 1.00e+000h  1
 541 6.1582988e+000 3.68e-003 7.81e-001  -6.6 3.57e-001  -2.6 1.00e+000 6.65e-001h  1
 542 6.0441603e+000 1.41e-003 2.21e+000  -6.4 1.30e-001  -2.2 1.00e+000 8.85e-001h  1
 543 5.8469126e+000 2.90e-003 2.86e+001  -6.0 3.79e-001  -2.6 1.00e+000 5.21e-001h  1
 544 5.7034409e+000 1.69e-003 6.38e-001  -5.7 1.45e-001  -2.2 1.00e+000 1.00e+000h  1
 545 5.6531184e+000 1.11e-002 6.57e+000 -11.0 1.75e+000  -2.7 3.69e-002 7.31e-002h  1
 546 5.6148599e+000 2.25e-003 3.44e-001  -5.3 1.01e-001  -1.4 1.00e+000 1.00e+000h  1
 547 5.6177070e+000 3.85e-004 4.61e+001  -5.0 5.07e-002  -0.9 1.00e+000 8.97e-001h  1
 548 5.5967886e+000 2.60e-004 1.13e-001  -5.2 3.62e-002  -1.4 1.00e+000 1.00e+000h  1
 549 5.5216831e+000 4.67e-004 1.03e-001  -4.9 7.58e-002  -1.9 1.00e+000 1.00e+000h  1
iter    objective    inf_pr   inf_du lg(mu)  ||d||  lg(rg) alpha_du alpha_pr  ls
 550 5.4971881e+000 1.63e-004 1.97e-002  -4.6 2.71e-002  -1.5 1.00e+000 1.00e+000h  1
 551 5.4189010e+000 8.99e-004 6.69e+002  -5.0 7.83e-002  -1.9 4.79e-001 1.00e+000h  1
 552 5.4088719e+000 6.59e-004 3.34e+002  -4.8 6.06e-002  -1.5 1.00e+000 2.76e-001h  1
 553 5.3995734e+000 2.19e-004 1.21e+001  -5.2 1.87e-002  -1.1 9.86e-001 1.00e+000h  1
 554 5.3691564e+000 8.59e-005 8.30e-004  -5.7 3.04e-002  -1.6 1.00e+000 1.00e+000h  1
 555 5.2799525e+000 4.84e-004 3.97e+001  -6.3 8.92e-002  -2.0 7.74e-001 1.00e+000h  1
 556 5.2402065e+000 9.62e-004 2.78e+003  -4.5 2.65e-001  -2.5 1.00e+000 1.68e-001h  1
 557 3.4756191e+000 9.93e-002 1.31e+004  -2.6 1.45e+002    -  5.28e-002 1.22e-002f  1
 558 1.2196514e-001 9.63e-002 1.07e+004  -3.5 2.86e+001    -  5.06e-002 1.17e-001f  1
 559 5.9933569e-001 7.88e-002 4.68e+003  -4.1 5.69e-001    -  5.18e-001 9.75e-001h  1
iter    objective    inf_pr   inf_du lg(mu)  ||d||  lg(rg) alpha_du alpha_pr  ls
 560 5.7646758e-001 1.16e-001 3.96e+003  -3.5 8.23e-001    -  1.00e+000 8.12e-001h  1
 561 6.4169451e-001 8.41e-002 1.38e+002  -3.5 5.80e-001    -  4.69e-001 1.00e+000h  1
 562 6.9275667e-001 4.30e-002 4.67e+001  -2.9 4.15e-001  -1.2 1.00e+000 1.00e+000h  1
 563 7.0733375e-001 5.92e-003 3.97e+001  -1.9 1.29e-001   0.1 1.00e+000 1.00e+000f  1
 564 7.1212066e-001 8.48e-003 8.38e+005  -7.9 1.84e-001  -0.3 3.35e-001 1.00e+000h  1
 565 7.1502899e-001 9.17e-004 3.73e+001  -1.8 5.52e-002   1.9 1.00e+000 1.00e+000f  1
 566 7.1516525e-001 4.98e-005 3.68e+000  -2.6 1.38e-002   1.4 1.00e+000 1.00e+000h  1
 567 7.0036238e-001 3.96e-005 9.29e+001  -3.7 1.48e-002    -  1.00e+000 1.00e+000h  1
 568 7.0032521e-001 6.78e-009 1.12e-003  -5.4 1.29e-004   0.9 1.00e+000 1.00e+000h  1
 569 7.0011696e-001 1.05e-008 6.06e-004  -7.4 2.08e-004   0.5 1.00e+000 1.00e+000h  1
iter    objective    inf_pr   inf_du lg(mu)  ||d||  lg(rg) alpha_du alpha_pr  ls
 570 6.9949215e-001 9.49e-008 6.06e-004  -9.5 6.25e-004  -0.0 1.00e+000 1.00e+000h  1
 571 6.9761929e-001 8.07e-007 6.05e-004 -10.9 1.87e-003  -0.5 1.00e+000 1.00e+000h  1
 572 6.9201338e-001 6.22e-006 6.04e-004 -11.0 5.61e-003  -1.0 1.00e+000 1.00e+000h  1
 573 6.8921355e-001 6.27e-006 8.31e-002  -9.0 1.67e-002  -1.4 1.00e+000 1.67e-001h  1
 574 6.7876906e-001 1.50e-005 5.32e+000  -7.2 4.99e-002  -1.9 1.00e+000 2.09e-001h  1
 575 6.2600194e-001 1.94e-004 1.26e+001  -6.7 1.49e-001  -2.4 1.00e+000 3.55e-001h  1
 576 4.9024899e-001 2.15e-003 3.96e+001  -6.2 4.53e-001  -2.9 1.00e+000 3.00e-001h  1
 577 3.6545745e-001 2.20e-003 4.38e+001  -5.7 1.67e-001  -2.5 1.00e+000 7.49e-001h  1
 578 3.0405503e-001 3.14e-003 1.25e+003  -4.8 5.57e-001  -2.9 1.00e+000 1.91e-001h  1
 579 3.3991948e-001 1.30e-002 1.06e+004  -3.8 2.39e+000    -  7.36e-001 8.69e-002h  1
iter    objective    inf_pr   inf_du lg(mu)  ||d||  lg(rg) alpha_du alpha_pr  ls
 580 2.7017603e-001 3.87e-002 1.42e+003  -4.0 2.19e-001    -  4.45e-001 1.00e+000h  1
 581 1.7077283e-001 5.64e-002 2.59e+003  -4.3 4.75e-001    -  6.03e-001 1.00e+000h  1
 582 2.1450543e-001 1.70e-002 3.71e+002  -4.1 1.97e-001    -  1.00e+000 8.46e-001h  1
 583 3.3211025e-001 3.61e-002 8.14e+003  -3.7 1.02e+000    -  8.93e-001 3.64e-001h  1
 584 3.8324213e-001 6.91e-002 1.44e+003  -3.8 7.35e-001    -  9.25e-001 6.99e-001h  1
 585 3.6237872e-001 6.26e-003 9.83e-004  -3.9 1.58e-001  -2.5 1.00e+000 1.00e+000h  1
 586 1.8272618e-001 2.47e-001 6.31e+001  -4.3 9.95e-001    -  9.90e-001 1.00e+000h  1
 587 1.5810180e-001 2.83e-002 3.62e-003  -4.5 2.75e-001    -  1.00e+000 1.00e+000h  1
 588 1.3719910e-001 1.64e-002 2.53e+000  -4.7 2.57e-001    -  1.00e+000 9.97e-001h  1
 589 1.2295577e-001 1.40e-002 5.93e-004  -4.7 1.95e-001    -  1.00e+000 1.00e+000h  1
iter    objective    inf_pr   inf_du lg(mu)  ||d||  lg(rg) alpha_du alpha_pr  ls
 590 1.1670846e-001 4.45e-002 8.28e+000  -4.8 4.22e-001    -  9.73e-001 1.00e+000h  1
 591 1.0997422e-001 4.23e-002 2.34e+001  -4.8 6.89e-001    -  1.00e+000 5.00e-001h  2
 592 1.0427737e-001 4.35e-002 4.58e-005  -4.8 4.17e-001    -  1.00e+000 1.00e+000h  1
 593 9.6635554e-002 6.80e-002 3.05e+001  -4.8 6.92e-001    -  3.08e-001 6.07e-001H  1
 594 9.0403460e-002 3.52e-002 2.43e-004  -4.9 3.75e-001    -  1.00e+000 1.00e+000h  1
 595 8.4620583e-002 3.20e-002 1.29e+002  -4.9 5.01e-001    -  1.00e+000 5.00e-001h  2
 596 1.0278744e-001 1.94e-001 9.02e+001  -4.7 1.29e+000    -  6.11e-001 6.61e-001h  1
 597 9.9666352e-002 3.86e-002 2.46e+002  -4.9 3.93e-001  -2.1 3.26e-001 1.00e+000h  1
 598 9.7043898e-002 2.93e-002 3.88e+001  -4.9 1.56e-001  -2.6 1.00e+000 2.50e-001h  3
 599 9.1696531e-002 7.58e-003 8.80e-004  -4.9 1.74e-001    -  1.00e+000 1.00e+000h  1
iter    objective    inf_pr   inf_du lg(mu)  ||d||  lg(rg) alpha_du alpha_pr  ls
 600 8.8069027e-002 6.24e-003 1.41e+002  -4.9 1.87e-001    -  1.00e+000 2.47e-001h  3
 601 7.4302733e-002 2.46e-002 1.74e+001  -5.1 3.23e-001    -  1.00e+000 9.68e-001h  1
 602 6.6778709e-002 1.52e-002 1.24e+001  -5.1 1.60e-001    -  1.00e+000 4.30e-001h  2
 603 5.1360004e-002 3.66e-003 1.74e+000  -5.2 1.20e-001    -  1.00e+000 9.90e-001h  1
 604 3.6622968e-002 9.63e-004 1.09e-001  -5.6 6.72e-002    -  1.00e+000 1.00e+000h  1
 605 3.2556835e-002 6.98e-004 1.05e+002  -5.9 8.15e-002    -  9.88e-001 2.79e-001h  1
 606 3.2164550e-002 6.76e-004 1.10e+002 -11.0 8.71e-002    -  9.74e-002 3.11e-002h  1
 607 3.2064593e-002 6.71e-004 1.09e+002 -11.0 8.63e-002    -  5.57e-003 8.11e-003h  1
 608 3.1861091e-002 6.59e-004 1.06e+002  -6.5 8.40e-002    -  3.68e-003 1.66e-002h  1
 609 3.1839001e-002 6.58e-004 1.06e+002 -11.0 8.58e-002    -  1.63e-003 1.82e-003h  1
iter    objective    inf_pr   inf_du lg(mu)  ||d||  lg(rg) alpha_du alpha_pr  ls
 610 3.1768395e-002 6.54e-004 1.05e+002  -8.0 8.57e-002    -  4.73e-003 5.81e-003h  1
 611 3.1660073e-002 6.49e-004 1.04e+002  -8.0 8.55e-002    -  5.16e-003 8.95e-003h  1
 612 3.1553497e-002 6.43e-004 1.02e+002  -8.0 8.53e-002    -  4.98e-003 8.85e-003h  1
 613 3.1448871e-002 6.37e-004 1.01e+002  -8.0 8.51e-002    -  4.73e-003 8.73e-003h  1
 614 3.1345140e-002 6.32e-004 9.96e+001  -8.0 8.49e-002    -  4.71e-003 8.69e-003h  1
 615 3.1242217e-002 6.26e-004 9.83e+001  -8.0 8.47e-002    -  4.71e-003 8.67e-003h  1
 616 3.1140125e-002 6.21e-004 9.71e+001  -8.0 8.45e-002    -  4.72e-003 8.64e-003h  1
 617 3.1038117e-002 6.15e-004 9.58e+001  -7.8 8.43e-002    -  4.34e-003 8.68e-003h  1
 618 3.0937797e-002 6.10e-004 9.45e+001  -7.8 8.41e-002    -  4.65e-003 8.58e-003h  1
 619 3.0838196e-002 6.05e-004 9.33e+001  -7.8 8.39e-002    -  4.64e-003 8.56e-003h  1
iter    objective    inf_pr   inf_du lg(mu)  ||d||  lg(rg) alpha_du alpha_pr  ls
 620 3.0739391e-002 6.00e-004 9.21e+001  -7.8 8.38e-002    -  4.68e-003 8.53e-003h  1
 621 3.0641380e-002 5.95e-004 9.09e+001  -7.8 8.36e-002    -  4.69e-003 8.50e-003h  1
 622 3.0544163e-002 5.90e-004 8.98e+001  -7.8 8.34e-002    -  4.71e-003 8.48e-003h  1
 623 3.0447734e-002 5.85e-004 8.86e+001  -7.8 8.33e-002    -  4.72e-003 8.45e-003h  1
 624 3.0352087e-002 5.80e-004 8.75e+001  -7.8 8.31e-002    -  4.73e-003 8.42e-003h  1
 625 3.0257219e-002 5.75e-004 8.64e+001  -7.9 8.30e-002    -  4.74e-003 8.40e-003h  1
 626 3.0163123e-002 5.70e-004 8.53e+001  -7.9 8.28e-002    -  4.75e-003 8.37e-003h  1
 627 3.0069794e-002 5.65e-004 8.42e+001  -7.9 8.27e-002    -  4.75e-003 8.35e-003h  1
 628 2.9977229e-002 5.61e-004 8.32e+001  -7.9 8.25e-002    -  4.76e-003 8.32e-003h  1
 629 2.9885422e-002 5.56e-004 8.21e+001  -7.9 8.24e-002    -  4.77e-003 8.29e-003h  1
iter    objective    inf_pr   inf_du lg(mu)  ||d||  lg(rg) alpha_du alpha_pr  ls
 630 2.9794368e-002 5.51e-004 8.11e+001  -7.9 8.22e-002    -  4.77e-003 8.27e-003h  1
 631 2.9704064e-002 5.47e-004 8.01e+001  -7.9 8.21e-002    -  4.78e-003 8.24e-003h  1
 632 2.9614503e-002 5.42e-004 7.91e+001  -7.9 8.20e-002    -  4.78e-003 8.22e-003h  1
 633 2.9525682e-002 5.38e-004 7.81e+001  -7.9 8.18e-002    -  4.78e-003 8.19e-003h  1
 634 2.9437597e-002 5.34e-004 7.72e+001  -7.9 8.17e-002    -  4.78e-003 8.17e-003h  1
 635 2.9350243e-002 5.29e-004 7.62e+001  -7.9 8.16e-002    -  4.79e-003 8.15e-003h  1
 636 2.9263616e-002 5.25e-004 7.53e+001  -7.9 8.14e-002    -  4.79e-003 8.12e-003h  1
 637 2.9177712e-002 5.21e-004 7.43e+001  -7.9 8.13e-002    -  4.79e-003 8.10e-003h  1
 638 2.9092527e-002 5.16e-004 7.34e+001  -7.9 8.12e-002    -  4.79e-003 8.07e-003h  1
 639 2.9008057e-002 5.12e-004 7.25e+001  -7.9 8.11e-002    -  4.79e-003 8.05e-003h  1
iter    objective    inf_pr   inf_du lg(mu)  ||d||  lg(rg) alpha_du alpha_pr  ls
 640 2.8924299e-002 5.08e-004 7.16e+001  -7.9 8.10e-002    -  4.35e-003 8.03e-003h  1
 641 2.8831098e-002 5.04e-004 7.06e+001  -6.8 8.00e-002    -  4.14e-003 8.98e-003h  1
 642 2.8758976e-002 5.00e-004 6.98e+001  -7.9 8.08e-002    -  4.61e-003 6.99e-003h  1
 643 2.8677565e-002 4.96e-004 6.90e+001  -7.9 8.07e-002    -  4.96e-003 7.93e-003h  1
 644 2.8595708e-002 4.92e-004 6.81e+001  -7.7 8.05e-002    -  4.40e-003 8.02e-003h  1
 645 2.8515183e-002 4.88e-004 6.73e+001  -7.6 8.04e-002    -  4.56e-003 7.94e-003h  1
 646 2.8435688e-002 4.84e-004 6.64e+001  -7.6 8.03e-002    -  4.53e-003 7.88e-003h  1
 647 2.8355218e-002 4.81e-004 6.56e+001  -7.3 8.00e-002    -  4.96e-003 8.02e-003h  1
 648 2.8277085e-002 4.77e-004 6.48e+001  -7.3 7.99e-002    -  4.51e-003 7.84e-003h  1
 649 2.8201506e-002 4.73e-004 6.41e+001  -7.7 8.01e-002    -  4.61e-003 7.63e-003h  1
iter    objective    inf_pr   inf_du lg(mu)  ||d||  lg(rg) alpha_du alpha_pr  ls
 650 2.8124643e-002 4.69e-004 6.33e+001  -7.7 8.00e-002    -  4.65e-003 7.80e-003h  1
 651 2.8048448e-002 4.66e-004 6.25e+001  -7.7 7.99e-002    -  4.54e-003 7.78e-003h  1
 652 2.7969974e-002 4.62e-004 6.17e+001  -7.1 7.95e-002    -  4.76e-003 8.06e-003h  1
 653 2.7898163e-002 4.59e-004 6.10e+001  -7.7 7.97e-002    -  4.54e-003 7.42e-003h  1
 654 2.7824054e-002 4.55e-004 6.03e+001  -7.7 7.96e-002    -  4.62e-003 7.71e-003h  1
 655 2.7750496e-002 4.52e-004 5.95e+001  -7.7 7.96e-002    -  4.52e-003 7.70e-003h  1
 656 2.7674415e-002 4.48e-004 5.88e+001  -7.1 7.91e-002    -  4.61e-003 8.01e-003h  1
 657 2.7605520e-002 4.45e-004 5.81e+001  -7.7 7.94e-002    -  4.59e-003 7.30e-003h  1
 658 2.7534039e-002 4.41e-004 5.74e+001  -7.7 7.94e-002    -  4.60e-003 7.62e-003h  1
 659 2.7463096e-002 4.38e-004 5.67e+001  -7.7 7.93e-002    -  4.48e-003 7.61e-003h  1
iter    objective    inf_pr   inf_du lg(mu)  ||d||  lg(rg) alpha_du alpha_pr  ls
 660 2.7389165e-002 4.34e-004 5.60e+001  -7.1 7.88e-002    -  4.55e-003 7.99e-003h  1
 661 2.7323334e-002 4.31e-004 5.53e+001  -7.7 7.92e-002    -  4.55e-003 7.16e-003h  1
 662 2.7254455e-002 4.28e-004 5.47e+001  -7.7 7.91e-002    -  4.59e-003 7.54e-003h  1
 663 2.7186081e-002 4.25e-004 5.40e+001  -7.7 7.90e-002    -  4.45e-003 7.53e-003h  1
 664 2.7114720e-002 4.22e-004 5.33e+001  -7.0 7.86e-002    -  4.55e-003 7.91e-003h  1
 665 2.7051444e-002 4.19e-004 5.27e+001  -7.7 7.89e-002    -  4.48e-003 7.07e-003h  1
 666 2.6985129e-002 4.15e-004 5.21e+001  -7.7 7.89e-002    -  4.57e-003 7.45e-003h  1
 667 2.6919297e-002 4.12e-004 5.14e+001  -7.7 7.88e-002    -  4.44e-003 7.45e-003h  1
 668 2.6850910e-002 4.09e-004 5.08e+001  -7.1 7.84e-002    -  4.47e-003 7.80e-003h  1
 669 2.6789724e-002 4.06e-004 5.02e+001  -7.7 7.87e-002    -  4.49e-003 7.03e-003h  1
iter    objective    inf_pr   inf_du lg(mu)  ||d||  lg(rg) alpha_du alpha_pr  ls
 670 2.6725916e-002 4.03e-004 4.96e+001  -7.7 7.87e-002    -  4.54e-003 7.38e-003h  1
 671 2.6662606e-002 4.00e-004 4.90e+001  -7.7 7.86e-002    -  4.42e-003 7.37e-003h  1
 672 2.6597283e-002 3.97e-004 4.84e+001  -7.1 7.82e-002    -  4.57e-003 7.66e-003h  1
 673 2.6538009e-002 3.94e-004 4.78e+001  -7.7 7.85e-002    -  4.37e-003 7.01e-003h  1
 674 2.6476695e-002 3.92e-004 4.73e+001  -7.7 7.85e-002    -  4.51e-003 7.30e-003h  1
 675 2.6415875e-002 3.89e-004 4.67e+001  -7.7 7.85e-002    -  4.44e-003 7.30e-003h  1
 676 2.6354149e-002 3.86e-004 4.61e+001  -7.3 7.82e-002    -  4.35e-003 7.46e-003h  1
 677 2.6296237e-002 3.83e-004 4.56e+001  -7.7 7.84e-002    -  4.49e-003 7.05e-003h  1
 678 2.6236603e-002 3.80e-004 4.50e+001  -7.4 7.83e-002    -  4.48e-003 7.32e-003h  1
 679 2.6178995e-002 3.78e-004 4.45e+001  -7.8 7.83e-002    -  4.43e-003 7.13e-003h  1
iter    objective    inf_pr   inf_du lg(mu)  ||d||  lg(rg) alpha_du alpha_pr  ls
 680 2.6121312e-002 3.75e-004 4.39e+001  -7.8 7.83e-002    -  4.45e-003 7.19e-003h  1
 681 2.6064209e-002 3.72e-004 4.34e+001  -7.8 7.83e-002    -  4.45e-003 7.18e-003h  1
 682 2.6007733e-002 3.70e-004 4.29e+001  -7.8 7.82e-002    -  4.46e-003 7.16e-003h  1
 683 2.5951574e-002 3.67e-004 4.24e+001  -7.6 7.82e-002    -  4.34e-003 7.18e-003h  1
 684 2.5896576e-002 3.64e-004 4.19e+001  -7.8 7.82e-002    -  4.42e-003 7.09e-003h  1
 685 2.5841900e-002 3.62e-004 4.13e+001  -7.8 7.82e-002    -  4.37e-003 7.10e-003h  1
 686 2.5787820e-002 3.59e-004 4.08e+001  -7.8 7.81e-002    -  4.38e-003 7.09e-003h  1
 687 2.5734342e-002 3.57e-004 4.03e+001  -7.8 7.81e-002    -  4.35e-003 7.07e-003h  1
 688 2.5681463e-002 3.54e-004 3.99e+001  -7.8 7.81e-002    -  4.34e-003 7.05e-003h  1
 689 2.5629179e-002 3.52e-004 3.94e+001  -7.8 7.81e-002    -  4.32e-003 7.03e-003h  1
iter    objective    inf_pr   inf_du lg(mu)  ||d||  lg(rg) alpha_du alpha_pr  ls
 690 2.5577489e-002 3.49e-004 3.89e+001  -7.8 7.81e-002    -  4.31e-003 7.02e-003h  1
 691 2.5526393e-002 3.47e-004 3.84e+001  -7.8 7.80e-002    -  4.29e-003 7.00e-003h  1
 692 2.5475889e-002 3.44e-004 3.79e+001  -7.8 7.80e-002    -  4.27e-003 6.98e-003h  1
 693 2.5425976e-002 3.42e-004 3.75e+001  -7.8 7.80e-002    -  4.26e-003 6.97e-003h  1
 694 2.5376653e-002 3.40e-004 3.70e+001  -7.8 7.80e-002    -  4.24e-003 6.95e-003h  1
 695 2.5327919e-002 3.37e-004 3.66e+001  -7.8 7.80e-002    -  4.22e-003 6.93e-003h  1
 696 2.5279773e-002 3.35e-004 3.61e+001  -7.8 7.80e-002    -  4.20e-003 6.92e-003h  1
 697 2.5232213e-002 3.33e-004 3.57e+001  -7.8 7.80e-002    -  4.18e-003 6.90e-003h  1
 698 2.5185239e-002 3.30e-004 3.52e+001  -7.8 7.80e-002    -  4.16e-003 6.88e-003h  1
 699 2.5138850e-002 3.28e-004 3.48e+001  -7.8 7.80e-002    -  4.15e-003 6.87e-003h  1
iter    objective    inf_pr   inf_du lg(mu)  ||d||  lg(rg) alpha_du alpha_pr  ls
 700 2.5093045e-002 3.26e-004 3.43e+001  -7.8 7.80e-002    -  4.13e-003 6.85e-003h  1
 701 2.5047823e-002 3.24e-004 3.39e+001  -7.8 7.80e-002    -  4.11e-003 6.83e-003h  1
 702 2.5003183e-002 3.21e-004 3.35e+001  -7.8 7.80e-002    -  4.09e-003 6.82e-003h  1
 703 2.4959124e-002 3.19e-004 3.31e+001  -7.8 7.80e-002    -  4.07e-003 6.80e-003h  1
 704 2.4915646e-002 3.17e-004 3.26e+001  -7.8 7.80e-002    -  4.04e-003 6.78e-003h  1
 705 2.4872747e-002 3.15e-004 3.22e+001  -7.8 7.80e-002    -  4.02e-003 6.77e-003h  1
 706 2.4830427e-002 3.13e-004 3.18e+001  -7.8 7.80e-002    -  4.00e-003 6.75e-003h  1
 707 2.4788685e-002 3.11e-004 3.14e+001  -7.8 7.80e-002    -  3.98e-003 6.74e-003h  1
 708 2.4747521e-002 3.09e-004 3.10e+001  -7.8 7.80e-002    -  3.96e-003 6.72e-003h  1
 709 2.4706933e-002 3.06e-004 3.06e+001  -7.8 7.80e-002    -  3.93e-003 6.71e-003h  1
iter    objective    inf_pr   inf_du lg(mu)  ||d||  lg(rg) alpha_du alpha_pr  ls
 710 2.4666922e-002 3.04e-004 3.02e+001  -7.8 7.80e-002    -  3.91e-003 6.69e-003h  1
 711 2.4627486e-002 3.02e-004 2.98e+001  -7.8 7.81e-002    -  3.89e-003 6.68e-003h  1
 712 2.4588624e-002 3.00e-004 2.94e+001  -7.8 7.81e-002    -  3.86e-003 6.66e-003h  1
 713 2.4550338e-002 2.98e-004 2.90e+001  -7.8 7.81e-002    -  3.84e-003 6.65e-003h  1
 714 2.4512625e-002 2.96e-004 2.86e+001  -7.8 7.81e-002    -  3.81e-003 6.63e-003h  1
 715 2.4475485e-002 2.94e-004 2.82e+001  -7.8 7.81e-002    -  3.79e-003 6.61e-003h  1
 716 2.4438918e-002 2.93e-004 2.79e+001  -7.8 7.82e-002    -  3.76e-003 6.60e-003h  1
 717 2.4402923e-002 2.91e-004 2.75e+001  -7.8 7.82e-002    -  3.73e-003 6.59e-003h  1
 718 2.4367500e-002 2.89e-004 2.71e+001  -7.8 7.82e-002    -  3.71e-003 6.57e-003h  1
 719 2.4332649e-002 2.87e-004 2.67e+001  -7.8 7.82e-002    -  3.68e-003 6.56e-003h  1
iter    objective    inf_pr   inf_du lg(mu)  ||d||  lg(rg) alpha_du alpha_pr  ls
 720 2.4298368e-002 2.85e-004 2.64e+001  -7.8 7.83e-002    -  3.65e-003 6.54e-003h  1
 721 2.4264658e-002 2.83e-004 2.60e+001  -7.8 7.83e-002    -  3.62e-003 6.53e-003h  1
 722 2.4231519e-002 2.81e-004 2.56e+001  -7.8 7.83e-002    -  3.59e-003 6.51e-003h  1
 723 2.4198949e-002 2.79e-004 2.53e+001  -7.8 7.84e-002    -  3.56e-003 6.50e-003h  1
 724 2.4166950e-002 2.78e-004 2.49e+001  -7.8 7.84e-002    -  3.53e-003 6.48e-003h  1
 725 2.4135519e-002 2.76e-004 2.46e+001  -7.8 7.84e-002    -  3.50e-003 6.47e-003h  1
 726 2.4104658e-002 2.74e-004 2.42e+001  -7.8 7.85e-002    -  3.47e-003 6.46e-003h  1
 727 2.4074366e-002 2.72e-004 2.39e+001  -7.8 7.85e-002    -  3.43e-003 6.44e-003h  1
 728 2.4044643e-002 2.71e-004 2.35e+001  -7.8 7.85e-002    -  3.40e-003 6.43e-003h  1
 729 2.4015488e-002 2.69e-004 2.32e+001  -7.8 7.86e-002    -  3.37e-003 6.41e-003h  1
iter    objective    inf_pr   inf_du lg(mu)  ||d||  lg(rg) alpha_du alpha_pr  ls
 730 2.3987118e-002 2.67e-004 2.28e+001  -8.1 7.87e-002    -  3.61e-003 6.35e-003h  1
 731 2.3959074e-002 2.65e-004 2.25e+001  -8.1 7.87e-002    -  3.38e-003 6.39e-003h  1
 732 2.3931616e-002 2.64e-004 2.21e+001  -8.1 7.88e-002    -  3.34e-003 6.37e-003h  1
 733 2.3904731e-002 2.62e-004 2.18e+001  -8.1 7.88e-002    -  3.29e-003 6.36e-003h  1
 734 2.3878416e-002 2.60e-004 2.15e+001  -8.1 7.89e-002    -  3.25e-003 6.34e-003h  1
 735 2.3852669e-002 2.59e-004 2.11e+001  -8.1 7.89e-002    -  3.21e-003 6.33e-003h  1
 736 2.3827490e-002 2.57e-004 2.08e+001  -8.1 7.90e-002    -  3.16e-003 6.32e-003h  1
 737 2.3802879e-002 2.56e-004 2.05e+001  -8.1 7.90e-002    -  3.12e-003 6.30e-003h  1
 738 2.3778837e-002 2.54e-004 2.01e+001  -8.1 7.91e-002    -  3.08e-003 6.29e-003h  1
 739 2.3755363e-002 2.52e-004 1.98e+001  -8.1 7.92e-002    -  3.04e-003 6.28e-003h  1
iter    objective    inf_pr   inf_du lg(mu)  ||d||  lg(rg) alpha_du alpha_pr  ls
 740 2.3732458e-002 2.51e-004 1.95e+001  -8.1 7.92e-002    -  2.99e-003 6.27e-003h  1
 741 2.3710122e-002 2.49e-004 1.91e+001  -8.1 7.93e-002    -  2.95e-003 6.25e-003h  1
 742 2.3688354e-002 2.48e-004 1.88e+001  -8.1 7.94e-002    -  2.90e-003 6.24e-003h  1
 743 2.3667155e-002 2.46e-004 1.85e+001  -8.1 7.95e-002    -  2.86e-003 6.23e-003h  1
 744 2.3646526e-002 2.45e-004 1.81e+001  -8.1 7.96e-002    -  2.81e-003 6.21e-003h  1
 745 2.3626466e-002 2.43e-004 1.78e+001  -8.1 7.97e-002    -  2.76e-003 6.20e-003h  1
 746 2.3606977e-002 2.42e-004 1.75e+001  -8.1 7.98e-002    -  2.72e-003 6.19e-003h  1
 747 2.3588058e-002 2.40e-004 1.72e+001  -8.1 7.99e-002    -  2.67e-003 6.18e-003h  1
 748 2.3569709e-002 2.39e-004 1.68e+001  -8.1 8.00e-002    -  2.62e-003 6.16e-003h  1
 749 2.3551932e-002 2.37e-004 1.65e+001  -8.1 8.01e-002    -  2.57e-003 6.15e-003h  1
iter    objective    inf_pr   inf_du lg(mu)  ||d||  lg(rg) alpha_du alpha_pr  ls
 750 2.3534857e-002 2.36e-004 1.62e+001  -8.3 8.03e-002    -  2.66e-003 6.09e-003h  1
 751 2.3518213e-002 2.35e-004 1.59e+001  -8.3 8.05e-002    -  2.54e-003 6.13e-003h  1
 752 2.3502148e-002 2.33e-004 1.56e+001  -8.3 8.10e-002    -  2.47e-003 6.12e-003h  1
 753 2.3486663e-002 2.32e-004 1.52e+001  -8.3 8.98e-002    -  2.41e-003 6.10e-003h  1
 754 2.3471755e-002 2.31e-004 1.49e+001  -8.3 1.00e-001    -  2.35e-003 6.09e-003h  1
 755 2.3457423e-002 2.29e-004 1.46e+001  -8.3 1.13e-001    -  2.29e-003 6.08e-003h  1
 756 2.3443671e-002 2.28e-004 1.43e+001  -8.3 1.28e-001    -  2.23e-003 6.07e-003h  1
 757 2.3430501e-002 2.27e-004 1.39e+001  -8.3 1.47e-001    -  2.17e-003 6.05e-003h  1
 758 2.3417915e-002 2.26e-004 1.36e+001  -8.3 1.71e-001    -  2.12e-003 6.04e-003h  1
 759 2.3405917e-002 2.25e-004 1.33e+001  -8.3 2.00e-001    -  2.06e-003 6.03e-003h  1
iter    objective    inf_pr   inf_du lg(mu)  ||d||  lg(rg) alpha_du alpha_pr  ls
 760 2.3394513e-002 2.24e-004 1.30e+001  -8.3 2.37e-001    -  2.00e-003 6.02e-003h  1
 761 2.3383708e-002 2.23e-004 1.26e+001  -8.3 2.84e-001    -  1.94e-003 6.01e-003h  1
 762 2.3373513e-002 2.23e-004 1.23e+001  -8.3 3.44e-001    -  1.88e-003 6.00e-003h  1
 763 2.3363939e-002 2.23e-004 1.20e+001  -8.3 4.21e-001    -  1.82e-003 5.99e-003h  1
 764 2.3355003e-002 2.24e-004 1.17e+001  -8.3 5.19e-001    -  1.77e-003 5.97e-003h  1
 765 2.3346723e-002 2.27e-004 1.13e+001  -8.3 6.39e-001    -  1.71e-003 5.96e-003h  1
 766 2.3339121e-002 2.31e-004 1.10e+001  -8.3 7.75e-001    -  1.66e-003 5.95e-003h  1
 767 2.3332207e-002 2.36e-004 1.07e+001  -8.3 9.09e-001    -  1.61e-003 5.94e-003h  1
 768 2.3325969e-002 2.44e-004 1.04e+001  -8.3 9.95e-001    -  1.56e-003 5.93e-003h  1
 769 2.3320348e-002 2.51e-004 1.01e+001  -8.3 9.78e-001    -  1.51e-003 5.92e-003h  1
iter    objective    inf_pr   inf_du lg(mu)  ||d||  lg(rg) alpha_du alpha_pr  ls
 770 2.3315244e-002 2.55e-004 9.73e+000  -8.3 1.01e+000    -  1.46e-003 5.91e-003h  1
 771 2.3310553e-002 2.56e-004 9.40e+000  -8.3 1.12e+000    -  1.40e-003 5.90e-003h  1
 772 2.3306220e-002 2.56e-004 9.08e+000  -8.3 1.08e+000    -  1.34e-003 5.89e-003h  1
 773 2.3302255e-002 2.54e-004 8.75e+000  -8.3 9.26e-001    -  1.27e-003 5.88e-003h  1
 774 2.3298711e-002 2.53e-004 8.42e+000  -8.3 7.40e-001    -  1.21e-003 5.87e-003h  1
 775 2.3295643e-002 2.51e-004 8.10e+000  -8.3 5.71e-001    -  1.15e-003 5.86e-003h  1
 776 2.3293094e-002 2.50e-004 7.77e+000  -8.3 4.37e-001    -  1.09e-003 5.85e-003h  1
 777 2.3291091e-002 2.49e-004 7.44e+000  -8.3 3.36e-001    -  1.04e-003 5.84e-003h  1
 778 2.3289653e-002 2.47e-004 7.11e+000  -8.3 2.62e-001    -  9.87e-004 5.83e-003h  1
 779 2.3288789e-002 2.46e-004 6.78e+000  -8.3 2.06e-001    -  9.37e-004 5.82e-003h  1
iter    objective    inf_pr   inf_du lg(mu)  ||d||  lg(rg) alpha_du alpha_pr  ls
 780 2.3288508e-002 2.45e-004 6.45e+000  -8.3 1.65e-001    -  8.88e-004 5.81e-003h  1
 781 2.3288813e-002 2.43e-004 6.12e+000  -8.3 1.33e-001    -  8.42e-004 5.80e-003h  1
 782 2.3289710e-002 2.42e-004 5.79e+000  -8.3 1.09e-001    -  7.98e-004 5.79e-003h  1
 783 2.3291199e-002 2.41e-004 5.46e+000  -8.3 8.97e-002    -  7.56e-004 5.79e-003h  1
 784 2.3293284e-002 2.39e-004 5.13e+000  -8.3 8.12e-002    -  7.15e-004 5.78e-003h  1
 785 2.3295789e-002 2.38e-004 4.83e+000 -11.0 8.09e-002    -  7.22e-004 5.39e-003h  1
 786 2.3299284e-002 2.37e-004 4.47e+000  -8.3 8.06e-002    -  6.26e-004 6.21e-003h  1
 787 2.3302866e-002 2.35e-004 4.18e+000 -11.0 8.04e-002    -  6.39e-004 5.29e-003h  1
 788 2.3307666e-002 2.34e-004 3.82e+000  -8.3 8.02e-002    -  5.62e-004 6.20e-003h  1
 789 2.3312321e-002 2.33e-004 3.53e+000 -11.0 8.01e-002    -  5.68e-004 5.23e-003h  1
iter    objective    inf_pr   inf_du lg(mu)  ||d||  lg(rg) alpha_du alpha_pr  ls
 790 2.3318487e-002 2.31e-004 3.17e+000  -8.3 7.99e-002    -  5.04e-004 6.24e-003h  1
 791 2.3324182e-002 2.30e-004 2.88e+000 -11.0 7.98e-002    -  5.05e-004 5.15e-003h  1
 792 2.3330984e-002 2.29e-004 2.56e+000 -11.0 7.96e-002    -  4.89e-004 5.65e-003h  1
 793 2.3338540e-002 2.28e-004 2.23e+000 -11.0 7.95e-002    -  4.61e-004 5.76e-003h  1
 794 2.3346610e-002 2.26e-004 1.91e+000 -11.0 7.94e-002    -  4.32e-004 5.67e-003h  1
 795 2.3355269e-002 2.25e-004 1.59e+000 -11.0 7.93e-002    -  4.08e-004 5.65e-003h  1
 796 2.3364560e-002 2.24e-004 1.27e+000 -11.0 7.93e-002    -  3.85e-004 5.65e-003h  1
 797 2.3374468e-002 2.23e-004 9.57e-001 -11.0 7.92e-002    -  3.64e-004 5.64e-003h  1
 798 2.3384988e-002 2.21e-004 6.41e-001 -11.0 7.91e-002    -  3.44e-004 5.63e-003h  1
 799 2.3396125e-002 2.20e-004 3.26e-001 -11.0 7.91e-002    -  3.26e-004 5.62e-003h  1
iter    objective    inf_pr   inf_du lg(mu)  ||d||  lg(rg) alpha_du alpha_pr  ls
 800 2.3407882e-002 2.19e-004 3.31e-001 -11.0 7.90e-002    -  3.08e-004 5.61e-003h  1
 801 2.3420260e-002 2.18e-004 3.39e-001 -11.0 7.90e-002    -  2.92e-004 5.61e-003h  1
 802 2.3433261e-002 2.16e-004 6.09e-001 -11.0 7.89e-002    -  2.77e-004 5.60e-003h  1
 803 2.3446886e-002 2.15e-004 9.18e-001 -11.0 7.89e-002    -  2.63e-004 5.59e-003h  1
 804 2.3461137e-002 2.14e-004 1.22e+000 -11.0 7.89e-002    -  2.49e-004 5.58e-003h  1
 805 2.3476015e-002 2.13e-004 1.53e+000 -11.0 7.89e-002    -  2.36e-004 5.57e-003h  1
 806 2.3491523e-002 2.12e-004 1.83e+000 -11.0 7.89e-002    -  2.25e-004 5.56e-003h  1
 807 2.3507661e-002 2.10e-004 2.14e+000 -11.0 7.88e-002    -  2.13e-004 5.55e-003h  1
 808 2.3524432e-002 2.09e-004 2.44e+000 -11.0 7.88e-002    -  2.03e-004 5.54e-003h  1
 809 2.3541837e-002 2.08e-004 2.74e+000 -11.0 7.88e-002    -  1.93e-004 5.53e-003h  1
iter    objective    inf_pr   inf_du lg(mu)  ||d||  lg(rg) alpha_du alpha_pr  ls
 810 2.3559878e-002 2.07e-004 3.03e+000 -11.0 7.88e-002    -  1.84e-004 5.53e-003h  1
 811 2.3578556e-002 2.06e-004 3.33e+000 -11.0 7.88e-002    -  1.75e-004 5.52e-003h  1
 812 2.3597873e-002 2.05e-004 3.62e+000 -11.0 7.88e-002    -  1.67e-004 5.51e-003h  1
 813 2.3617831e-002 2.04e-004 3.92e+000 -11.0 7.88e-002    -  1.59e-004 5.50e-003h  1
 814 2.3638431e-002 2.03e-004 4.21e+000 -11.0 7.89e-002    -  1.51e-004 5.49e-003h  1
 815 2.3659675e-002 2.01e-004 4.50e+000 -11.0 7.89e-002    -  1.44e-004 5.48e-003h  1
 816 2.3681564e-002 2.00e-004 4.78e+000 -11.0 7.89e-002    -  1.38e-004 5.47e-003h  1
 817 2.3704101e-002 1.99e-004 5.07e+000 -11.0 7.89e-002    -  1.32e-004 5.46e-003h  1
 818 2.3727285e-002 1.98e-004 5.35e+000 -11.0 7.89e-002    -  1.26e-004 5.45e-003h  1
 819 2.3751121e-002 1.97e-004 5.64e+000 -11.0 7.90e-002    -  1.20e-004 5.45e-003h  1
iter    objective    inf_pr   inf_du lg(mu)  ||d||  lg(rg) alpha_du alpha_pr  ls
 820 2.3775608e-002 1.96e-004 5.92e+000 -11.0 7.90e-002    -  1.15e-004 5.44e-003h  1
 821 2.3800748e-002 1.95e-004 6.19e+000 -11.0 7.90e-002    -  1.10e-004 5.43e-003h  1
 822 2.3826543e-002 1.94e-004 6.47e+000 -11.0 7.90e-002    -  1.05e-004 5.42e-003h  1
 823 2.3852995e-002 1.93e-004 6.75e+000 -11.0 7.91e-002    -  1.01e-004 5.41e-003h  1
 824 2.3880105e-002 1.92e-004 7.02e+000 -11.0 7.91e-002    -  9.65e-005 5.40e-003h  1
 825 2.3907875e-002 1.91e-004 7.29e+000 -11.0 7.91e-002    -  9.24e-005 5.39e-003h  1
 826 2.3936306e-002 1.90e-004 7.56e+000 -11.0 7.92e-002    -  8.86e-005 5.38e-003h  1
 827 2.3965400e-002 1.89e-004 7.83e+000 -11.0 7.92e-002    -  8.50e-005 5.37e-003h  1
 828 2.3995159e-002 1.88e-004 8.10e+000 -11.0 7.93e-002    -  8.15e-005 5.36e-003h  1
 829 2.4025584e-002 1.87e-004 8.36e+000 -11.0 7.93e-002    -  7.82e-005 5.36e-003h  1
iter    objective    inf_pr   inf_du lg(mu)  ||d||  lg(rg) alpha_du alpha_pr  ls
 830 2.4056677e-002 1.86e-004 8.62e+000 -11.0 7.93e-002    -  7.51e-005 5.35e-003h  1
 831 2.4088439e-002 1.85e-004 8.89e+000 -11.0 7.94e-002    -  7.21e-005 5.34e-003h  1
 832 2.4120873e-002 1.84e-004 9.15e+000 -11.0 7.94e-002    -  6.93e-005 5.33e-003h  1
 833 2.4153979e-002 1.83e-004 9.40e+000 -11.0 7.95e-002    -  6.66e-005 5.32e-003h  1
 834 2.4187760e-002 1.82e-004 9.66e+000 -11.0 7.95e-002    -  6.40e-005 5.31e-003h  1
 835 2.4222217e-002 1.81e-004 9.91e+000 -11.0 7.96e-002    -  6.16e-005 5.30e-003h  1
 836 2.4257352e-002 1.80e-004 1.02e+001 -11.0 7.96e-002    -  5.93e-005 5.29e-003h  1
 837 2.4293167e-002 1.79e-004 1.04e+001 -11.0 7.97e-002    -  5.70e-005 5.28e-003h  1
 838 2.4329662e-002 1.78e-004 1.07e+001 -11.0 7.97e-002    -  5.49e-005 5.27e-003h  1
 839 2.4366841e-002 1.77e-004 1.09e+001 -11.0 7.98e-002    -  5.29e-005 5.27e-003h  1
iter    objective    inf_pr   inf_du lg(mu)  ||d||  lg(rg) alpha_du alpha_pr  ls
 840 2.4404705e-002 1.76e-004 1.12e+001 -11.0 7.99e-002    -  5.09e-005 5.26e-003h  1
 841 2.4443255e-002 1.75e-004 1.14e+001 -11.0 7.99e-002    -  4.90e-005 5.25e-003h  1
 842 2.4482494e-002 1.74e-004 1.17e+001 -11.0 8.00e-002    -  4.73e-005 5.24e-003h  1
 843 2.4522423e-002 1.73e-004 1.19e+001 -11.0 8.00e-002    -  4.56e-005 5.23e-003h  1
 844 2.4563045e-002 1.72e-004 1.21e+001 -11.0 8.01e-002    -  4.39e-005 5.22e-003h  1
 845 2.4604360e-002 1.72e-004 1.24e+001 -11.0 8.02e-002    -  4.24e-005 5.21e-003h  1
 846 2.4646371e-002 1.71e-004 1.26e+001 -11.0 8.02e-002    -  4.09e-005 5.20e-003h  1
 847 2.4689080e-002 1.70e-004 1.28e+001 -11.0 8.03e-002    -  3.95e-005 5.19e-003h  1
 848 2.4732489e-002 1.69e-004 1.31e+001 -11.0 8.04e-002    -  3.81e-005 5.19e-003h  1
 849 2.4776600e-002 1.68e-004 1.33e+001 -11.0 8.04e-002    -  3.68e-005 5.18e-003h  1
iter    objective    inf_pr   inf_du lg(mu)  ||d||  lg(rg) alpha_du alpha_pr  ls
 850 2.4821413e-002 1.67e-004 1.35e+001 -11.0 8.05e-002    -  3.55e-005 5.17e-003h  1
 851 2.4866931e-002 1.66e-004 1.38e+001 -11.0 8.06e-002    -  3.43e-005 5.16e-003h  1
 852 2.4913165e-002 1.65e-004 1.40e+001 -11.0 8.07e-002    -  3.31e-005 5.15e-003h  1
 853 2.4960102e-002 1.65e-004 1.42e+001 -11.0 8.08e-002    -  3.20e-005 5.14e-003h  1
 854 2.5007725e-002 1.64e-004 1.44e+001 -11.0 8.08e-002    -  3.10e-005 5.13e-003h  1
 855 2.5056137e-002 1.63e-004 1.47e+001 -11.0 8.09e-002    -  2.99e-005 5.13e-003h  1
 856 2.5105269e-002 1.62e-004 1.49e+001 -11.0 8.10e-002    -  2.90e-005 5.12e-003h  1
 857 2.5154718e-002 1.61e-004 1.51e+001 -11.0 8.11e-002    -  2.80e-005 5.07e-003h  1
 858 2.5205564e-002 1.60e-004 1.53e+001 -11.0 8.12e-002    -  2.71e-005 5.13e-003h  1
 859 2.5258317e-002 1.60e-004 1.56e+001 -11.0 8.13e-002    -  2.62e-005 5.24e-003h  1
iter    objective    inf_pr   inf_du lg(mu)  ||d||  lg(rg) alpha_du alpha_pr  ls
 860 2.5305346e-002 1.59e-004 1.57e+001 -11.0 8.14e-002    -  2.53e-005 4.60e-003h  1
 861 2.5357862e-002 1.58e-004 1.60e+001 -11.0 8.14e-002    -  2.46e-005 5.06e-003h  1
 862 2.5436426e-002 1.57e-004 1.63e+001 -11.0 8.15e-002    -  2.39e-005 7.46e-003h  1
 863 2.5810315e-002 1.51e-004 1.78e+001 -11.0 8.05e-002    -  2.80e-005 3.52e-002h  1
 864 1.9900778e-002 7.71e-004 6.98e+002  -4.7 1.30e+000    -  3.97e-001 3.74e-002f  1
 865 2.4697766e-002 1.42e-004 3.08e+002  -4.9 2.38e-002  -2.1 1.52e-001 1.00e+000h  1
 866 2.9586543e-002 1.51e-005 1.03e+002  -5.0 7.78e-003  -0.8 5.35e-001 1.00e+000h  1
 867 2.9461497e-002 1.70e-004 5.12e+001  -4.7 2.59e-002  -1.3 9.48e-001 1.00e+000h  1
 868 2.7750405e-002 5.73e-006 1.81e+002  -5.4 4.79e-003  -0.8 8.76e-001 1.00e+000h  1
 869 2.4210771e-002 1.58e-005 1.15e-003  -5.9 7.95e-003  -1.3 1.00e+000 1.00e+000h  1
iter    objective    inf_pr   inf_du lg(mu)  ||d||  lg(rg) alpha_du alpha_pr  ls
 870 2.3089116e-002 9.26e-005 4.65e+001  -6.2 4.53e-002    -  1.00e+000 4.14e-001h  1
 871 2.3631869e-002 4.87e-005 2.90e-004  -6.6 1.64e-002    -  1.00e+000 1.00e+000h  1
 872 2.3797315e-002 1.83e-005 2.64e+000  -7.2 1.90e-002    -  1.00e+000 8.69e-001h  1
 873 2.3807960e-002 1.02e-005 2.58e+000  -7.5 2.79e-002    -  8.66e-001 4.83e-001H  1
 874 2.3823697e-002 5.34e-006 1.06e-001  -7.2 9.95e-003    -  9.86e-001 7.40e-001h  1
 875 2.3858745e-002 2.84e-006 8.72e-005  -6.8 2.44e-002    -  1.00e+000 1.00e+000h  1
 876 2.3847837e-002 7.07e-007 4.74e-005  -6.9 1.12e-002    -  1.00e+000 1.00e+000h  1
 877 2.3847403e-002 9.32e-008 2.90e-007  -6.9 1.51e-003    -  1.00e+000 1.00e+000h  1

Number of Iterations....: 877

                                   (scaled)                 (unscaled)
Objective...............:  2.3847402637420165e-002   2.3847402637420165e-002
Dual infeasibility......:  2.9042961361095286e-007   2.9042961361095286e-007
Constraint violation....:  9.3179112706426166e-008   9.3179112706426166e-008
Complementarity.........:  1.3524874622319554e-007   1.3524874622319554e-007
Overall NLP error.......:  2.9042961361095286e-007   2.9042961361095286e-007


Number of objective function evaluations             = 918
Number of objective gradient evaluations             = 874
Number of equality constraint evaluations            = 918
Number of inequality constraint evaluations          = 0
Number of equality constraint Jacobian evaluations   = 883
Number of inequality constraint Jacobian evaluations = 0
Number of Lagrangian Hessian evaluations             = 877
Total CPU secs in IPOPT (w/o function evaluations)   =    625.358
Total CPU secs in NLP function evaluations           =    494.441

EXIT: Optimal Solution Found.
